  [1m[35m (0.1ms)[0m  [1m[34mSELECT sqlite_version(*)[0m
  ↳ /Users/seanwatters/.rvm/rubies/ruby-2.6.1/lib/ruby/gems/2.6.0/gems/rake-12.3.2/lib/rake/task.rb:273
  [1m[35m (1.5ms)[0m  [1m[35mCREATE TABLE "schema_migrations" ("version" varchar NOT NULL PRIMARY KEY)[0m
  ↳ /Users/seanwatters/.rvm/rubies/ruby-2.6.1/lib/ruby/gems/2.6.0/gems/rake-12.3.2/lib/rake/task.rb:273
  [1m[35m (1.9ms)[0m  [1m[35mCREATE TABLE "ar_internal_metadata" ("key" varchar NOT NULL PRIMARY KEY, "value" varchar, "created_at" datetime NOT NULL, "updated_at" datetime NOT NULL)[0m
  ↳ /Users/seanwatters/.rvm/rubies/ruby-2.6.1/lib/ruby/gems/2.6.0/gems/rake-12.3.2/lib/rake/task.rb:273
  [1m[35m (0.2ms)[0m  [1m[34mSELECT "schema_migrations"."version" FROM "schema_migrations" ORDER BY "schema_migrations"."version" ASC[0m
  ↳ /Users/seanwatters/.rvm/rubies/ruby-2.6.1/lib/ruby/gems/2.6.0/gems/rake-12.3.2/lib/rake/task.rb:273
Migrating to CreateHighScores (20190617163332)
  [1m[35m (0.1ms)[0m  [1m[36mbegin transaction[0m
  ↳ /Users/seanwatters/.rvm/rubies/ruby-2.6.1/lib/ruby/gems/2.6.0/gems/rake-12.3.2/lib/rake/task.rb:273
  [1m[35m (0.6ms)[0m  [1m[35mCREATE TABLE "high_scores" ("id" integer PRIMARY KEY AUTOINCREMENT NOT NULL, "player" varchar, "score" varchar, "created_at" datetime NOT NULL, "updated_at" datetime NOT NULL)[0m
  ↳ db/migrate/20190617163332_create_high_scores.rb:3
  [1m[36mActiveRecord::SchemaMigration Create (0.2ms)[0m  [1m[32mINSERT INTO "schema_migrations" ("version") VALUES (?)[0m  [["version", "20190617163332"]]
  ↳ /Users/seanwatters/.rvm/rubies/ruby-2.6.1/lib/ruby/gems/2.6.0/gems/rake-12.3.2/lib/rake/task.rb:273
  [1m[35m (0.9ms)[0m  [1m[36mcommit transaction[0m
  ↳ /Users/seanwatters/.rvm/rubies/ruby-2.6.1/lib/ruby/gems/2.6.0/gems/rake-12.3.2/lib/rake/task.rb:273
Migrating to CreateGames (20190617163640)
  [1m[35m (0.1ms)[0m  [1m[36mbegin transaction[0m
  ↳ /Users/seanwatters/.rvm/rubies/ruby-2.6.1/lib/ruby/gems/2.6.0/gems/rake-12.3.2/lib/rake/task.rb:273
  [1m[35m (0.4ms)[0m  [1m[35mCREATE TABLE "games" ("id" integer PRIMARY KEY AUTOINCREMENT NOT NULL, "high_score_id" integer, "name" varchar, "created_at" datetime NOT NULL, "updated_at" datetime NOT NULL)[0m
  ↳ db/migrate/20190617163640_create_games.rb:3
  [1m[36mActiveRecord::SchemaMigration Create (0.2ms)[0m  [1m[32mINSERT INTO "schema_migrations" ("version") VALUES (?)[0m  [["version", "20190617163640"]]
  ↳ /Users/seanwatters/.rvm/rubies/ruby-2.6.1/lib/ruby/gems/2.6.0/gems/rake-12.3.2/lib/rake/task.rb:273
  [1m[35m (1.1ms)[0m  [1m[36mcommit transaction[0m
  ↳ /Users/seanwatters/.rvm/rubies/ruby-2.6.1/lib/ruby/gems/2.6.0/gems/rake-12.3.2/lib/rake/task.rb:273
  [1m[36mActiveRecord::InternalMetadata Load (0.2ms)[0m  [1m[34mSELECT  "ar_internal_metadata".* FROM "ar_internal_metadata" WHERE "ar_internal_metadata"."key" = ? LIMIT ?[0m  [["key", "environment"], ["LIMIT", 1]]
  ↳ /Users/seanwatters/.rvm/rubies/ruby-2.6.1/lib/ruby/gems/2.6.0/gems/rake-12.3.2/lib/rake/task.rb:273
  [1m[35m (0.0ms)[0m  [1m[36mbegin transaction[0m
  ↳ /Users/seanwatters/.rvm/rubies/ruby-2.6.1/lib/ruby/gems/2.6.0/gems/rake-12.3.2/lib/rake/task.rb:273
  [1m[36mActiveRecord::InternalMetadata Create (1.0ms)[0m  [1m[32mINSERT INTO "ar_internal_metadata" ("key", "value", "created_at", "updated_at") VALUES (?, ?, ?, ?)[0m  [["key", "environment"], ["value", "development"], ["created_at", "2019-06-17 16:39:50.914635"], ["updated_at", "2019-06-17 16:39:50.914635"]]
  ↳ /Users/seanwatters/.rvm/rubies/ruby-2.6.1/lib/ruby/gems/2.6.0/gems/rake-12.3.2/lib/rake/task.rb:273
  [1m[35m (1.1ms)[0m  [1m[36mcommit transaction[0m
  ↳ /Users/seanwatters/.rvm/rubies/ruby-2.6.1/lib/ruby/gems/2.6.0/gems/rake-12.3.2/lib/rake/task.rb:273
  [1m[35m (0.1ms)[0m  [1m[34mSELECT "schema_migrations"."version" FROM "schema_migrations" ORDER BY "schema_migrations"."version" ASC[0m
  ↳ /Users/seanwatters/.rvm/rubies/ruby-2.6.1/lib/ruby/gems/2.6.0/gems/rake-12.3.2/lib/rake/task.rb:273
  [1m[35m (0.1ms)[0m  [1m[34mSELECT "schema_migrations"."version" FROM "schema_migrations" ORDER BY "schema_migrations"."version" ASC[0m
  ↳ /Users/seanwatters/.rvm/rubies/ruby-2.6.1/lib/ruby/gems/2.6.0/gems/rake-12.3.2/lib/rake/task.rb:273
  [1m[35m (0.1ms)[0m  [1m[34mSELECT "schema_migrations"."version" FROM "schema_migrations" ORDER BY "schema_migrations"."version" ASC[0m
  ↳ /Users/seanwatters/.rvm/rubies/ruby-2.6.1/lib/ruby/gems/2.6.0/gems/rake-12.3.2/lib/rake/task.rb:273
  [1m[35m (0.1ms)[0m  [1m[34mSELECT "schema_migrations"."version" FROM "schema_migrations" ORDER BY "schema_migrations"."version" ASC[0m
  ↳ /Users/seanwatters/.rvm/rubies/ruby-2.6.1/lib/ruby/gems/2.6.0/gems/rake-12.3.2/lib/rake/task.rb:273
  [1m[35m (0.1ms)[0m  [1m[34mSELECT "schema_migrations"."version" FROM "schema_migrations" ORDER BY "schema_migrations"."version" ASC[0m
  ↳ /Users/seanwatters/.rvm/rubies/ruby-2.6.1/lib/ruby/gems/2.6.0/gems/rake-12.3.2/lib/rake/task.rb:273
Migrating to CreateGames (20190617163640)
  [1m[35m (0.1ms)[0m  [1m[36mbegin transaction[0m
  ↳ /Users/seanwatters/.rvm/rubies/ruby-2.6.1/lib/ruby/gems/2.6.0/gems/rake-12.3.2/lib/rake/task.rb:273
  [1m[35m (0.6ms)[0m  [1m[35mDROP TABLE "games"[0m
  ↳ /Users/seanwatters/.rvm/rubies/ruby-2.6.1/lib/ruby/gems/2.6.0/gems/rake-12.3.2/lib/rake/task.rb:273
  [1m[36mActiveRecord::SchemaMigration Destroy (0.2ms)[0m  [1m[31mDELETE FROM "schema_migrations" WHERE "schema_migrations"."version" = ?[0m  [["version", "20190617163640"]]
  ↳ /Users/seanwatters/.rvm/rubies/ruby-2.6.1/lib/ruby/gems/2.6.0/gems/rake-12.3.2/lib/rake/task.rb:273
  [1m[35m (1.1ms)[0m  [1m[36mcommit transaction[0m
  ↳ /Users/seanwatters/.rvm/rubies/ruby-2.6.1/lib/ruby/gems/2.6.0/gems/rake-12.3.2/lib/rake/task.rb:273
  [1m[35m (0.1ms)[0m  [1m[34mSELECT "schema_migrations"."version" FROM "schema_migrations" ORDER BY "schema_migrations"."version" ASC[0m
  ↳ /Users/seanwatters/.rvm/rubies/ruby-2.6.1/lib/ruby/gems/2.6.0/gems/rake-12.3.2/lib/rake/task.rb:273
  [1m[35m (0.1ms)[0m  [1m[34mSELECT "schema_migrations"."version" FROM "schema_migrations" ORDER BY "schema_migrations"."version" ASC[0m
  ↳ /Users/seanwatters/.rvm/rubies/ruby-2.6.1/lib/ruby/gems/2.6.0/gems/rake-12.3.2/lib/rake/task.rb:273
Migrating to CreateGames (20190617165807)
  [1m[35m (0.1ms)[0m  [1m[36mbegin transaction[0m
  ↳ /Users/seanwatters/.rvm/rubies/ruby-2.6.1/lib/ruby/gems/2.6.0/gems/rake-12.3.2/lib/rake/task.rb:273
  [1m[35m (0.1ms)[0m  [1m[34mSELECT sqlite_version(*)[0m
  ↳ db/migrate/20190617165807_create_games.rb:3
  [1m[35m (0.6ms)[0m  [1m[35mCREATE TABLE "games" ("id" integer PRIMARY KEY AUTOINCREMENT NOT NULL, "name" varchar, "high_score_id" integer, "created_at" datetime NOT NULL, "updated_at" datetime NOT NULL, CONSTRAINT "fk_rails_ebd82db304"
FOREIGN KEY ("high_score_id")
  REFERENCES "high_scores" ("id")
)[0m
  ↳ db/migrate/20190617165807_create_games.rb:3
  [1m[35m (0.1ms)[0m  [1m[35mCREATE  INDEX "index_games_on_high_score_id" ON "games" ("high_score_id")[0m
  ↳ db/migrate/20190617165807_create_games.rb:3
  [1m[36mActiveRecord::SchemaMigration Create (0.2ms)[0m  [1m[32mINSERT INTO "schema_migrations" ("version") VALUES (?)[0m  [["version", "20190617165807"]]
  ↳ /Users/seanwatters/.rvm/rubies/ruby-2.6.1/lib/ruby/gems/2.6.0/gems/rake-12.3.2/lib/rake/task.rb:273
  [1m[35m (1.1ms)[0m  [1m[36mcommit transaction[0m
  ↳ /Users/seanwatters/.rvm/rubies/ruby-2.6.1/lib/ruby/gems/2.6.0/gems/rake-12.3.2/lib/rake/task.rb:273
  [1m[36mActiveRecord::InternalMetadata Load (0.2ms)[0m  [1m[34mSELECT  "ar_internal_metadata".* FROM "ar_internal_metadata" WHERE "ar_internal_metadata"."key" = ? LIMIT ?[0m  [["key", "environment"], ["LIMIT", 1]]
  ↳ /Users/seanwatters/.rvm/rubies/ruby-2.6.1/lib/ruby/gems/2.6.0/gems/rake-12.3.2/lib/rake/task.rb:273
  [1m[35m (0.1ms)[0m  [1m[36mbegin transaction[0m
  ↳ /Users/seanwatters/.rvm/rubies/ruby-2.6.1/lib/ruby/gems/2.6.0/gems/rake-12.3.2/lib/rake/task.rb:273
  [1m[35m (0.1ms)[0m  [1m[36mcommit transaction[0m
  ↳ /Users/seanwatters/.rvm/rubies/ruby-2.6.1/lib/ruby/gems/2.6.0/gems/rake-12.3.2/lib/rake/task.rb:273
  [1m[35m (0.2ms)[0m  [1m[34mSELECT "schema_migrations"."version" FROM "schema_migrations" ORDER BY "schema_migrations"."version" ASC[0m
  ↳ /Users/seanwatters/.rvm/rubies/ruby-2.6.1/lib/ruby/gems/2.6.0/gems/rake-12.3.2/lib/rake/task.rb:273
  [1m[35m (0.1ms)[0m  [1m[34mSELECT "schema_migrations"."version" FROM "schema_migrations" ORDER BY "schema_migrations"."version" ASC[0m
  ↳ /Users/seanwatters/.rvm/rubies/ruby-2.6.1/lib/ruby/gems/2.6.0/gems/rake-12.3.2/lib/rake/task.rb:273
  [1m[35m (0.0ms)[0m  [1m[36mbegin transaction[0m
  ↳ db/seeds.rb:1
  [1m[35m (0.1ms)[0m  [1m[31mrollback transaction[0m
  ↳ db/seeds.rb:1
Started GET "/" for ::1 at 2019-06-17 10:03:34 -0700
  [1m[35m (0.2ms)[0m  [1m[34mSELECT "schema_migrations"."version" FROM "schema_migrations" ORDER BY "schema_migrations"."version" ASC[0m
  ↳ /Users/seanwatters/.rvm/gems/ruby-2.6.1/gems/activerecord-5.2.3/lib/active_record/log_subscriber.rb:98
Processing by Rails::WelcomeController#index as HTML
  Rendering /Users/seanwatters/.rvm/gems/ruby-2.6.1/gems/railties-5.2.3/lib/rails/templates/rails/welcome/index.html.erb
  Rendered /Users/seanwatters/.rvm/gems/ruby-2.6.1/gems/railties-5.2.3/lib/rails/templates/rails/welcome/index.html.erb (5.1ms)
Completed 200 OK in 16ms (Views: 13.6ms | ActiveRecord: 0.0ms)


Started GET "/favicon.ico" for ::1 at 2019-06-17 10:03:34 -0700
  
ActionController::RoutingError (No route matches [GET] "/favicon.ico"):
  
actionpack (5.2.3) lib/action_dispatch/middleware/debug_exceptions.rb:65:in `call'
actionpack (5.2.3) lib/action_dispatch/middleware/show_exceptions.rb:33:in `call'
railties (5.2.3) lib/rails/rack/logger.rb:38:in `call_app'
railties (5.2.3) lib/rails/rack/logger.rb:26:in `block in call'
activesupport (5.2.3) lib/active_support/tagged_logging.rb:71:in `block in tagged'
activesupport (5.2.3) lib/active_support/tagged_logging.rb:28:in `tagged'
activesupport (5.2.3) lib/active_support/tagged_logging.rb:71:in `tagged'
railties (5.2.3) lib/rails/rack/logger.rb:26:in `call'
actionpack (5.2.3) lib/action_dispatch/middleware/remote_ip.rb:81:in `call'
actionpack (5.2.3) lib/action_dispatch/middleware/request_id.rb:27:in `call'
rack (2.0.7) lib/rack/runtime.rb:22:in `call'
activesupport (5.2.3) lib/active_support/cache/strategy/local_cache_middleware.rb:29:in `call'
actionpack (5.2.3) lib/action_dispatch/middleware/executor.rb:14:in `call'
actionpack (5.2.3) lib/action_dispatch/middleware/static.rb:127:in `call'
rack (2.0.7) lib/rack/sendfile.rb:111:in `call'
rack-cors (1.0.3) lib/rack/cors.rb:95:in `call'
railties (5.2.3) lib/rails/engine.rb:524:in `call'
puma (3.12.1) lib/puma/configuration.rb:227:in `call'
puma (3.12.1) lib/puma/server.rb:660:in `handle_request'
puma (3.12.1) lib/puma/server.rb:474:in `process_client'
puma (3.12.1) lib/puma/server.rb:334:in `block in run'
puma (3.12.1) lib/puma/thread_pool.rb:135:in `block in spawn_thread'
Started GET "/games" for ::1 at 2019-06-17 10:03:38 -0700
Processing by GamesController#index as HTML
  [1m[36mGame Load (0.1ms)[0m  [1m[34mSELECT "games".* FROM "games"[0m
  ↳ app/controllers/games_controller.rb:5
Completed 200 OK in 4ms (Views: 1.2ms | ActiveRecord: 0.4ms)


  [1m[35m (0.1ms)[0m  [1m[34mSELECT "schema_migrations"."version" FROM "schema_migrations" ORDER BY "schema_migrations"."version" ASC[0m
  ↳ /Users/seanwatters/.rvm/rubies/ruby-2.6.1/lib/ruby/gems/2.6.0/gems/rake-12.3.2/lib/rake/task.rb:273
  [1m[35m (0.1ms)[0m  [1m[36mbegin transaction[0m
  ↳ db/seeds.rb:1
  [1m[35m (0.1ms)[0m  [1m[31mrollback transaction[0m
  ↳ db/seeds.rb:1
Started GET "/games" for ::1 at 2019-06-17 10:04:10 -0700
  [1m[35m (0.2ms)[0m  [1m[34mSELECT "schema_migrations"."version" FROM "schema_migrations" ORDER BY "schema_migrations"."version" ASC[0m
  ↳ /Users/seanwatters/.rvm/gems/ruby-2.6.1/gems/activerecord-5.2.3/lib/active_record/log_subscriber.rb:98
Processing by GamesController#index as HTML
  [1m[36mGame Load (0.2ms)[0m  [1m[34mSELECT "games".* FROM "games"[0m
  ↳ app/controllers/games_controller.rb:5
Completed 200 OK in 4ms (Views: 1.1ms | ActiveRecord: 0.4ms)


Started GET "/games" for ::1 at 2019-06-17 10:04:11 -0700
Processing by GamesController#index as HTML
  [1m[36mGame Load (0.1ms)[0m  [1m[34mSELECT "games".* FROM "games"[0m
  ↳ app/controllers/games_controller.rb:5
Completed 200 OK in 1ms (Views: 0.6ms | ActiveRecord: 0.1ms)


Started GET "/games" for ::1 at 2019-06-17 10:04:12 -0700
Processing by GamesController#index as HTML
  [1m[36mGame Load (0.1ms)[0m  [1m[34mSELECT "games".* FROM "games"[0m
  ↳ app/controllers/games_controller.rb:5
Completed 200 OK in 1ms (Views: 0.7ms | ActiveRecord: 0.1ms)


Started GET "/games/1" for ::1 at 2019-06-17 10:04:28 -0700
Processing by GamesController#show as HTML
  Parameters: {"id"=>"1"}
  [1m[36mGame Load (0.2ms)[0m  [1m[34mSELECT  "games".* FROM "games" WHERE "games"."id" = ? LIMIT ?[0m  [["id", 1], ["LIMIT", 1]]
  ↳ app/controllers/games_controller.rb:9
Completed 200 OK in 3ms (Views: 0.2ms | ActiveRecord: 0.2ms)


Started GET "/games/7" for ::1 at 2019-06-17 10:04:33 -0700
Processing by GamesController#show as HTML
  Parameters: {"id"=>"7"}
  [1m[36mGame Load (0.1ms)[0m  [1m[34mSELECT  "games".* FROM "games" WHERE "games"."id" = ? LIMIT ?[0m  [["id", 7], ["LIMIT", 1]]
  ↳ app/controllers/games_controller.rb:9
Completed 200 OK in 1ms (Views: 0.1ms | ActiveRecord: 0.1ms)


  [1m[35m (0.1ms)[0m  [1m[34mSELECT "schema_migrations"."version" FROM "schema_migrations" ORDER BY "schema_migrations"."version" ASC[0m
  ↳ /Users/seanwatters/.rvm/rubies/ruby-2.6.1/lib/ruby/gems/2.6.0/gems/rake-12.3.2/lib/rake/task.rb:273
  [1m[35m (0.1ms)[0m  [1m[36mbegin transaction[0m
  ↳ db/seeds.rb:1
  [1m[35m (0.0ms)[0m  [1m[31mrollback transaction[0m
  ↳ db/seeds.rb:1
Started GET "/games/7" for ::1 at 2019-06-17 10:06:25 -0700
  [1m[35m (0.2ms)[0m  [1m[34mSELECT "schema_migrations"."version" FROM "schema_migrations" ORDER BY "schema_migrations"."version" ASC[0m
  ↳ /Users/seanwatters/.rvm/gems/ruby-2.6.1/gems/activerecord-5.2.3/lib/active_record/log_subscriber.rb:98
Processing by GamesController#show as HTML
  Parameters: {"id"=>"7"}
  [1m[36mGame Load (0.1ms)[0m  [1m[34mSELECT  "games".* FROM "games" WHERE "games"."id" = ? LIMIT ?[0m  [["id", 7], ["LIMIT", 1]]
  ↳ app/controllers/games_controller.rb:9
Completed 200 OK in 5ms (Views: 0.2ms | ActiveRecord: 0.3ms)


Started GET "/games/7" for ::1 at 2019-06-17 10:06:26 -0700
Processing by GamesController#show as HTML
  Parameters: {"id"=>"7"}
  [1m[36mGame Load (0.1ms)[0m  [1m[34mSELECT  "games".* FROM "games" WHERE "games"."id" = ? LIMIT ?[0m  [["id", 7], ["LIMIT", 1]]
  ↳ app/controllers/games_controller.rb:9
Completed 200 OK in 1ms (Views: 0.1ms | ActiveRecord: 0.1ms)


Started GET "/high_scores" for ::1 at 2019-06-17 10:06:36 -0700
  
ActionController::RoutingError (No route matches [GET] "/high_scores"):
  
actionpack (5.2.3) lib/action_dispatch/middleware/debug_exceptions.rb:65:in `call'
actionpack (5.2.3) lib/action_dispatch/middleware/show_exceptions.rb:33:in `call'
railties (5.2.3) lib/rails/rack/logger.rb:38:in `call_app'
railties (5.2.3) lib/rails/rack/logger.rb:26:in `block in call'
activesupport (5.2.3) lib/active_support/tagged_logging.rb:71:in `block in tagged'
activesupport (5.2.3) lib/active_support/tagged_logging.rb:28:in `tagged'
activesupport (5.2.3) lib/active_support/tagged_logging.rb:71:in `tagged'
railties (5.2.3) lib/rails/rack/logger.rb:26:in `call'
actionpack (5.2.3) lib/action_dispatch/middleware/remote_ip.rb:81:in `call'
actionpack (5.2.3) lib/action_dispatch/middleware/request_id.rb:27:in `call'
rack (2.0.7) lib/rack/runtime.rb:22:in `call'
activesupport (5.2.3) lib/active_support/cache/strategy/local_cache_middleware.rb:29:in `call'
actionpack (5.2.3) lib/action_dispatch/middleware/executor.rb:14:in `call'
actionpack (5.2.3) lib/action_dispatch/middleware/static.rb:127:in `call'
rack (2.0.7) lib/rack/sendfile.rb:111:in `call'
rack-cors (1.0.3) lib/rack/cors.rb:95:in `call'
railties (5.2.3) lib/rails/engine.rb:524:in `call'
puma (3.12.1) lib/puma/configuration.rb:227:in `call'
puma (3.12.1) lib/puma/server.rb:660:in `handle_request'
puma (3.12.1) lib/puma/server.rb:474:in `process_client'
puma (3.12.1) lib/puma/server.rb:334:in `block in run'
puma (3.12.1) lib/puma/thread_pool.rb:135:in `block in spawn_thread'
Started GET "/high_scores" for ::1 at 2019-06-17 10:07:26 -0700
  [1m[35m (0.1ms)[0m  [1m[34mSELECT "schema_migrations"."version" FROM "schema_migrations" ORDER BY "schema_migrations"."version" ASC[0m
  ↳ /Users/seanwatters/.rvm/gems/ruby-2.6.1/gems/activerecord-5.2.3/lib/active_record/log_subscriber.rb:98
  
ActionController::RoutingError (No route matches [GET] "/high_scores"):
  
actionpack (5.2.3) lib/action_dispatch/middleware/debug_exceptions.rb:65:in `call'
actionpack (5.2.3) lib/action_dispatch/middleware/show_exceptions.rb:33:in `call'
railties (5.2.3) lib/rails/rack/logger.rb:38:in `call_app'
railties (5.2.3) lib/rails/rack/logger.rb:26:in `block in call'
activesupport (5.2.3) lib/active_support/tagged_logging.rb:71:in `block in tagged'
activesupport (5.2.3) lib/active_support/tagged_logging.rb:28:in `tagged'
activesupport (5.2.3) lib/active_support/tagged_logging.rb:71:in `tagged'
railties (5.2.3) lib/rails/rack/logger.rb:26:in `call'
actionpack (5.2.3) lib/action_dispatch/middleware/remote_ip.rb:81:in `call'
actionpack (5.2.3) lib/action_dispatch/middleware/request_id.rb:27:in `call'
rack (2.0.7) lib/rack/runtime.rb:22:in `call'
activesupport (5.2.3) lib/active_support/cache/strategy/local_cache_middleware.rb:29:in `call'
actionpack (5.2.3) lib/action_dispatch/middleware/executor.rb:14:in `call'
actionpack (5.2.3) lib/action_dispatch/middleware/static.rb:127:in `call'
rack (2.0.7) lib/rack/sendfile.rb:111:in `call'
rack-cors (1.0.3) lib/rack/cors.rb:95:in `call'
railties (5.2.3) lib/rails/engine.rb:524:in `call'
puma (3.12.1) lib/puma/configuration.rb:227:in `call'
puma (3.12.1) lib/puma/server.rb:660:in `handle_request'
puma (3.12.1) lib/puma/server.rb:474:in `process_client'
puma (3.12.1) lib/puma/server.rb:334:in `block in run'
puma (3.12.1) lib/puma/thread_pool.rb:135:in `block in spawn_thread'
Started GET "/high_scores" for ::1 at 2019-06-17 10:07:27 -0700
  
ActionController::RoutingError (No route matches [GET] "/high_scores"):
  
actionpack (5.2.3) lib/action_dispatch/middleware/debug_exceptions.rb:65:in `call'
actionpack (5.2.3) lib/action_dispatch/middleware/show_exceptions.rb:33:in `call'
railties (5.2.3) lib/rails/rack/logger.rb:38:in `call_app'
railties (5.2.3) lib/rails/rack/logger.rb:26:in `block in call'
activesupport (5.2.3) lib/active_support/tagged_logging.rb:71:in `block in tagged'
activesupport (5.2.3) lib/active_support/tagged_logging.rb:28:in `tagged'
activesupport (5.2.3) lib/active_support/tagged_logging.rb:71:in `tagged'
railties (5.2.3) lib/rails/rack/logger.rb:26:in `call'
actionpack (5.2.3) lib/action_dispatch/middleware/remote_ip.rb:81:in `call'
actionpack (5.2.3) lib/action_dispatch/middleware/request_id.rb:27:in `call'
rack (2.0.7) lib/rack/runtime.rb:22:in `call'
activesupport (5.2.3) lib/active_support/cache/strategy/local_cache_middleware.rb:29:in `call'
actionpack (5.2.3) lib/action_dispatch/middleware/executor.rb:14:in `call'
actionpack (5.2.3) lib/action_dispatch/middleware/static.rb:127:in `call'
rack (2.0.7) lib/rack/sendfile.rb:111:in `call'
rack-cors (1.0.3) lib/rack/cors.rb:95:in `call'
railties (5.2.3) lib/rails/engine.rb:524:in `call'
puma (3.12.1) lib/puma/configuration.rb:227:in `call'
puma (3.12.1) lib/puma/server.rb:660:in `handle_request'
puma (3.12.1) lib/puma/server.rb:474:in `process_client'
puma (3.12.1) lib/puma/server.rb:334:in `block in run'
puma (3.12.1) lib/puma/thread_pool.rb:135:in `block in spawn_thread'
Started GET "/high_scores" for ::1 at 2019-06-17 10:07:27 -0700
  
ActionController::RoutingError (No route matches [GET] "/high_scores"):
  
actionpack (5.2.3) lib/action_dispatch/middleware/debug_exceptions.rb:65:in `call'
actionpack (5.2.3) lib/action_dispatch/middleware/show_exceptions.rb:33:in `call'
railties (5.2.3) lib/rails/rack/logger.rb:38:in `call_app'
railties (5.2.3) lib/rails/rack/logger.rb:26:in `block in call'
activesupport (5.2.3) lib/active_support/tagged_logging.rb:71:in `block in tagged'
activesupport (5.2.3) lib/active_support/tagged_logging.rb:28:in `tagged'
activesupport (5.2.3) lib/active_support/tagged_logging.rb:71:in `tagged'
railties (5.2.3) lib/rails/rack/logger.rb:26:in `call'
actionpack (5.2.3) lib/action_dispatch/middleware/remote_ip.rb:81:in `call'
actionpack (5.2.3) lib/action_dispatch/middleware/request_id.rb:27:in `call'
rack (2.0.7) lib/rack/runtime.rb:22:in `call'
activesupport (5.2.3) lib/active_support/cache/strategy/local_cache_middleware.rb:29:in `call'
actionpack (5.2.3) lib/action_dispatch/middleware/executor.rb:14:in `call'
actionpack (5.2.3) lib/action_dispatch/middleware/static.rb:127:in `call'
rack (2.0.7) lib/rack/sendfile.rb:111:in `call'
rack-cors (1.0.3) lib/rack/cors.rb:95:in `call'
railties (5.2.3) lib/rails/engine.rb:524:in `call'
puma (3.12.1) lib/puma/configuration.rb:227:in `call'
puma (3.12.1) lib/puma/server.rb:660:in `handle_request'
puma (3.12.1) lib/puma/server.rb:474:in `process_client'
puma (3.12.1) lib/puma/server.rb:334:in `block in run'
puma (3.12.1) lib/puma/thread_pool.rb:135:in `block in spawn_thread'
Started GET "/high_scores" for ::1 at 2019-06-17 10:07:27 -0700
  
ActionController::RoutingError (No route matches [GET] "/high_scores"):
  
actionpack (5.2.3) lib/action_dispatch/middleware/debug_exceptions.rb:65:in `call'
actionpack (5.2.3) lib/action_dispatch/middleware/show_exceptions.rb:33:in `call'
railties (5.2.3) lib/rails/rack/logger.rb:38:in `call_app'
railties (5.2.3) lib/rails/rack/logger.rb:26:in `block in call'
activesupport (5.2.3) lib/active_support/tagged_logging.rb:71:in `block in tagged'
activesupport (5.2.3) lib/active_support/tagged_logging.rb:28:in `tagged'
activesupport (5.2.3) lib/active_support/tagged_logging.rb:71:in `tagged'
railties (5.2.3) lib/rails/rack/logger.rb:26:in `call'
actionpack (5.2.3) lib/action_dispatch/middleware/remote_ip.rb:81:in `call'
actionpack (5.2.3) lib/action_dispatch/middleware/request_id.rb:27:in `call'
rack (2.0.7) lib/rack/runtime.rb:22:in `call'
activesupport (5.2.3) lib/active_support/cache/strategy/local_cache_middleware.rb:29:in `call'
actionpack (5.2.3) lib/action_dispatch/middleware/executor.rb:14:in `call'
actionpack (5.2.3) lib/action_dispatch/middleware/static.rb:127:in `call'
rack (2.0.7) lib/rack/sendfile.rb:111:in `call'
rack-cors (1.0.3) lib/rack/cors.rb:95:in `call'
railties (5.2.3) lib/rails/engine.rb:524:in `call'
puma (3.12.1) lib/puma/configuration.rb:227:in `call'
puma (3.12.1) lib/puma/server.rb:660:in `handle_request'
puma (3.12.1) lib/puma/server.rb:474:in `process_client'
puma (3.12.1) lib/puma/server.rb:334:in `block in run'
puma (3.12.1) lib/puma/thread_pool.rb:135:in `block in spawn_thread'
Started GET "/games" for ::1 at 2019-06-17 10:07:33 -0700
Processing by GamesController#index as HTML
  [1m[36mGame Load (0.2ms)[0m  [1m[34mSELECT "games".* FROM "games"[0m
  ↳ app/controllers/games_controller.rb:5
Completed 200 OK in 5ms (Views: 1.3ms | ActiveRecord: 0.4ms)


Started GET "/high_scores" for ::1 at 2019-06-17 10:17:35 -0700
  [1m[35m (0.2ms)[0m  [1m[34mSELECT "schema_migrations"."version" FROM "schema_migrations" ORDER BY "schema_migrations"."version" ASC[0m
  ↳ /Users/seanwatters/.rvm/gems/ruby-2.6.1/gems/activerecord-5.2.3/lib/active_record/log_subscriber.rb:98
Processing by HighScoresController#index as HTML
  [1m[36mHighScore Load (0.1ms)[0m  [1m[34mSELECT "high_scores".* FROM "high_scores"[0m
  ↳ app/controllers/high_scores_controller.rb:5
Completed 200 OK in 4ms (Views: 1.0ms | ActiveRecord: 0.3ms)


Started GET "/hgames" for ::1 at 2019-06-17 10:18:00 -0700
  
ActionController::RoutingError (No route matches [GET] "/hgames"):
  
actionpack (5.2.3) lib/action_dispatch/middleware/debug_exceptions.rb:65:in `call'
actionpack (5.2.3) lib/action_dispatch/middleware/show_exceptions.rb:33:in `call'
railties (5.2.3) lib/rails/rack/logger.rb:38:in `call_app'
railties (5.2.3) lib/rails/rack/logger.rb:26:in `block in call'
activesupport (5.2.3) lib/active_support/tagged_logging.rb:71:in `block in tagged'
activesupport (5.2.3) lib/active_support/tagged_logging.rb:28:in `tagged'
activesupport (5.2.3) lib/active_support/tagged_logging.rb:71:in `tagged'
railties (5.2.3) lib/rails/rack/logger.rb:26:in `call'
actionpack (5.2.3) lib/action_dispatch/middleware/remote_ip.rb:81:in `call'
actionpack (5.2.3) lib/action_dispatch/middleware/request_id.rb:27:in `call'
rack (2.0.7) lib/rack/runtime.rb:22:in `call'
activesupport (5.2.3) lib/active_support/cache/strategy/local_cache_middleware.rb:29:in `call'
actionpack (5.2.3) lib/action_dispatch/middleware/executor.rb:14:in `call'
actionpack (5.2.3) lib/action_dispatch/middleware/static.rb:127:in `call'
rack (2.0.7) lib/rack/sendfile.rb:111:in `call'
rack-cors (1.0.3) lib/rack/cors.rb:95:in `call'
railties (5.2.3) lib/rails/engine.rb:524:in `call'
puma (3.12.1) lib/puma/configuration.rb:227:in `call'
puma (3.12.1) lib/puma/server.rb:660:in `handle_request'
puma (3.12.1) lib/puma/server.rb:474:in `process_client'
puma (3.12.1) lib/puma/server.rb:334:in `block in run'
puma (3.12.1) lib/puma/thread_pool.rb:135:in `block in spawn_thread'
Started GET "/games" for ::1 at 2019-06-17 10:18:06 -0700
Processing by GamesController#index as HTML
  [1m[36mGame Load (0.3ms)[0m  [1m[34mSELECT "games".* FROM "games"[0m
  ↳ app/controllers/games_controller.rb:5
Completed 200 OK in 4ms (Views: 1.7ms | ActiveRecord: 0.7ms)


  [1m[35m (0.1ms)[0m  [1m[34mSELECT "schema_migrations"."version" FROM "schema_migrations" ORDER BY "schema_migrations"."version" ASC[0m
  ↳ /Users/seanwatters/.rvm/rubies/ruby-2.6.1/lib/ruby/gems/2.6.0/gems/rake-12.3.2/lib/rake/task.rb:273
  [1m[35m (0.1ms)[0m  [1m[36mbegin transaction[0m
  ↳ db/seeds.rb:1
  [1m[35m (0.1ms)[0m  [1m[31mrollback transaction[0m
  ↳ db/seeds.rb:1
  [1m[35m (0.0ms)[0m  [1m[36mbegin transaction[0m
  ↳ db/seeds.rb:3
  [1m[36mGame Create (0.5ms)[0m  [1m[32mINSERT INTO "games" ("name", "created_at", "updated_at") VALUES (?, ?, ?)[0m  [["name", "game1"], ["created_at", "2019-06-17 17:25:26.724602"], ["updated_at", "2019-06-17 17:25:26.724602"]]
  ↳ db/seeds.rb:3
  [1m[35m (0.9ms)[0m  [1m[36mcommit transaction[0m
  ↳ db/seeds.rb:3
Started GET "/games" for ::1 at 2019-06-17 10:25:34 -0700
  [1m[35m (0.1ms)[0m  [1m[34mSELECT "schema_migrations"."version" FROM "schema_migrations" ORDER BY "schema_migrations"."version" ASC[0m
  ↳ /Users/seanwatters/.rvm/gems/ruby-2.6.1/gems/activerecord-5.2.3/lib/active_record/log_subscriber.rb:98
Processing by GamesController#index as HTML
  [1m[36mGame Load (0.1ms)[0m  [1m[34mSELECT "games".* FROM "games"[0m
  ↳ app/controllers/games_controller.rb:5
Completed 200 OK in 7ms (Views: 4.9ms | ActiveRecord: 0.5ms)


Started GET "/games" for ::1 at 2019-06-17 10:25:49 -0700
Processing by GamesController#index as HTML
  [1m[36mGame Load (0.1ms)[0m  [1m[34mSELECT "games".* FROM "games"[0m
  ↳ app/controllers/games_controller.rb:5
Completed 200 OK in 1ms (Views: 0.9ms | ActiveRecord: 0.1ms)


  [1m[35m (0.1ms)[0m  [1m[34mSELECT "schema_migrations"."version" FROM "schema_migrations" ORDER BY "schema_migrations"."version" ASC[0m
  ↳ /Users/seanwatters/.rvm/rubies/ruby-2.6.1/lib/ruby/gems/2.6.0/gems/rake-12.3.2/lib/rake/task.rb:273
  [1m[35m (0.1ms)[0m  [1m[34mSELECT "schema_migrations"."version" FROM "schema_migrations" ORDER BY "schema_migrations"."version" ASC[0m
  ↳ /Users/seanwatters/.rvm/rubies/ruby-2.6.1/lib/ruby/gems/2.6.0/gems/rake-12.3.2/lib/rake/task.rb:273
  [1m[35m (0.1ms)[0m  [1m[34mSELECT "schema_migrations"."version" FROM "schema_migrations" ORDER BY "schema_migrations"."version" ASC[0m
  ↳ /Users/seanwatters/.rvm/rubies/ruby-2.6.1/lib/ruby/gems/2.6.0/gems/rake-12.3.2/lib/rake/task.rb:273
  [1m[35m (0.0ms)[0m  [1m[34mSELECT "schema_migrations"."version" FROM "schema_migrations" ORDER BY "schema_migrations"."version" ASC[0m
  ↳ /Users/seanwatters/.rvm/rubies/ruby-2.6.1/lib/ruby/gems/2.6.0/gems/rake-12.3.2/lib/rake/task.rb:273
Migrating to CreateGames (20190617165807)
  [1m[35m (0.0ms)[0m  [1m[36mbegin transaction[0m
  ↳ /Users/seanwatters/.rvm/rubies/ruby-2.6.1/lib/ruby/gems/2.6.0/gems/rake-12.3.2/lib/rake/task.rb:273
  [1m[35m (0.5ms)[0m  [1m[35mDROP TABLE "games"[0m
  ↳ /Users/seanwatters/.rvm/rubies/ruby-2.6.1/lib/ruby/gems/2.6.0/gems/rake-12.3.2/lib/rake/task.rb:273
  [1m[36mActiveRecord::SchemaMigration Destroy (0.3ms)[0m  [1m[31mDELETE FROM "schema_migrations" WHERE "schema_migrations"."version" = ?[0m  [["version", "20190617165807"]]
  ↳ /Users/seanwatters/.rvm/rubies/ruby-2.6.1/lib/ruby/gems/2.6.0/gems/rake-12.3.2/lib/rake/task.rb:273
  [1m[35m (6.1ms)[0m  [1m[36mcommit transaction[0m
  ↳ /Users/seanwatters/.rvm/rubies/ruby-2.6.1/lib/ruby/gems/2.6.0/gems/rake-12.3.2/lib/rake/task.rb:273
  [1m[35m (0.1ms)[0m  [1m[34mSELECT "schema_migrations"."version" FROM "schema_migrations" ORDER BY "schema_migrations"."version" ASC[0m
  ↳ /Users/seanwatters/.rvm/rubies/ruby-2.6.1/lib/ruby/gems/2.6.0/gems/rake-12.3.2/lib/rake/task.rb:273
  [1m[35m (0.1ms)[0m  [1m[34mSELECT "schema_migrations"."version" FROM "schema_migrations" ORDER BY "schema_migrations"."version" ASC[0m
  ↳ /Users/seanwatters/.rvm/rubies/ruby-2.6.1/lib/ruby/gems/2.6.0/gems/rake-12.3.2/lib/rake/task.rb:273
  [1m[35m (0.1ms)[0m  [1m[34mSELECT "schema_migrations"."version" FROM "schema_migrations" ORDER BY "schema_migrations"."version" ASC[0m
  ↳ /Users/seanwatters/.rvm/rubies/ruby-2.6.1/lib/ruby/gems/2.6.0/gems/rake-12.3.2/lib/rake/task.rb:273
  [1m[35m (0.1ms)[0m  [1m[34mSELECT "schema_migrations"."version" FROM "schema_migrations" ORDER BY "schema_migrations"."version" ASC[0m
  ↳ /Users/seanwatters/.rvm/rubies/ruby-2.6.1/lib/ruby/gems/2.6.0/gems/rake-12.3.2/lib/rake/task.rb:273
  [1m[35m (0.1ms)[0m  [1m[34mSELECT "schema_migrations"."version" FROM "schema_migrations" ORDER BY "schema_migrations"."version" ASC[0m
  ↳ /Users/seanwatters/.rvm/rubies/ruby-2.6.1/lib/ruby/gems/2.6.0/gems/rake-12.3.2/lib/rake/task.rb:273
Migrating to CreateHighScores (20190617163332)
  [1m[35m (0.0ms)[0m  [1m[36mbegin transaction[0m
  ↳ /Users/seanwatters/.rvm/rubies/ruby-2.6.1/lib/ruby/gems/2.6.0/gems/rake-12.3.2/lib/rake/task.rb:273
  [1m[35m (0.6ms)[0m  [1m[35mDROP TABLE "high_scores"[0m
  ↳ /Users/seanwatters/.rvm/rubies/ruby-2.6.1/lib/ruby/gems/2.6.0/gems/rake-12.3.2/lib/rake/task.rb:273
  [1m[36mActiveRecord::SchemaMigration Destroy (0.2ms)[0m  [1m[31mDELETE FROM "schema_migrations" WHERE "schema_migrations"."version" = ?[0m  [["version", "20190617163332"]]
  ↳ /Users/seanwatters/.rvm/rubies/ruby-2.6.1/lib/ruby/gems/2.6.0/gems/rake-12.3.2/lib/rake/task.rb:273
  [1m[35m (6.1ms)[0m  [1m[36mcommit transaction[0m
  ↳ /Users/seanwatters/.rvm/rubies/ruby-2.6.1/lib/ruby/gems/2.6.0/gems/rake-12.3.2/lib/rake/task.rb:273
  [1m[35m (0.1ms)[0m  [1m[34mSELECT "schema_migrations"."version" FROM "schema_migrations" ORDER BY "schema_migrations"."version" ASC[0m
  ↳ /Users/seanwatters/.rvm/rubies/ruby-2.6.1/lib/ruby/gems/2.6.0/gems/rake-12.3.2/lib/rake/task.rb:273
  [1m[35m (0.1ms)[0m  [1m[34mSELECT "schema_migrations"."version" FROM "schema_migrations" ORDER BY "schema_migrations"."version" ASC[0m
  ↳ /Users/seanwatters/.rvm/rubies/ruby-2.6.1/lib/ruby/gems/2.6.0/gems/rake-12.3.2/lib/rake/task.rb:273
Migrating to CreateGames (20190617165807)
  [1m[35m (0.1ms)[0m  [1m[36mbegin transaction[0m
  ↳ /Users/seanwatters/.rvm/rubies/ruby-2.6.1/lib/ruby/gems/2.6.0/gems/rake-12.3.2/lib/rake/task.rb:273
  [1m[35m (0.1ms)[0m  [1m[34mSELECT sqlite_version(*)[0m
  ↳ db/migrate/20190617165807_create_games.rb:3
  [1m[35m (0.5ms)[0m  [1m[35mCREATE TABLE "games" ("id" integer PRIMARY KEY AUTOINCREMENT NOT NULL, "name" varchar, "created_at" datetime NOT NULL, "updated_at" datetime NOT NULL)[0m
  ↳ db/migrate/20190617165807_create_games.rb:3
  [1m[36mActiveRecord::SchemaMigration Create (0.3ms)[0m  [1m[32mINSERT INTO "schema_migrations" ("version") VALUES (?)[0m  [["version", "20190617165807"]]
  ↳ /Users/seanwatters/.rvm/rubies/ruby-2.6.1/lib/ruby/gems/2.6.0/gems/rake-12.3.2/lib/rake/task.rb:273
  [1m[35m (0.9ms)[0m  [1m[36mcommit transaction[0m
  ↳ /Users/seanwatters/.rvm/rubies/ruby-2.6.1/lib/ruby/gems/2.6.0/gems/rake-12.3.2/lib/rake/task.rb:273
Migrating to CreateHighScores (20190617303332)
  [1m[35m (0.1ms)[0m  [1m[34mSELECT "schema_migrations"."version" FROM "schema_migrations" ORDER BY "schema_migrations"."version" ASC[0m
  ↳ /Users/seanwatters/.rvm/rubies/ruby-2.6.1/lib/ruby/gems/2.6.0/gems/rake-12.3.2/lib/rake/task.rb:273
Migrating to CreateHighScores (20190617303332)
  [1m[35m (0.1ms)[0m  [1m[34mSELECT "schema_migrations"."version" FROM "schema_migrations" ORDER BY "schema_migrations"."version" ASC[0m
  ↳ /Users/seanwatters/.rvm/rubies/ruby-2.6.1/lib/ruby/gems/2.6.0/gems/rake-12.3.2/lib/rake/task.rb:273
Migrating to CreateScores (20190617303332)
  [1m[35m (0.0ms)[0m  [1m[36mbegin transaction[0m
  ↳ /Users/seanwatters/.rvm/rubies/ruby-2.6.1/lib/ruby/gems/2.6.0/gems/rake-12.3.2/lib/rake/task.rb:273
  [1m[35m (0.1ms)[0m  [1m[34mSELECT sqlite_version(*)[0m
  ↳ db/migrate/20190617303332_create_scores.rb:3
  [1m[35m (0.5ms)[0m  [1m[35mCREATE TABLE "scores" ("id" integer PRIMARY KEY AUTOINCREMENT NOT NULL, "player" varchar, "score" integer, "game_id" integer, "created_at" datetime NOT NULL, "updated_at" datetime NOT NULL, CONSTRAINT "fk_rails_41612d9bae"
FOREIGN KEY ("game_id")
  REFERENCES "games" ("id")
)[0m
  ↳ db/migrate/20190617303332_create_scores.rb:3
  [1m[35m (0.1ms)[0m  [1m[35mCREATE  INDEX "index_scores_on_game_id" ON "scores" ("game_id")[0m
  ↳ db/migrate/20190617303332_create_scores.rb:3
  [1m[36mActiveRecord::SchemaMigration Create (0.2ms)[0m  [1m[32mINSERT INTO "schema_migrations" ("version") VALUES (?)[0m  [["version", "20190617303332"]]
  ↳ /Users/seanwatters/.rvm/rubies/ruby-2.6.1/lib/ruby/gems/2.6.0/gems/rake-12.3.2/lib/rake/task.rb:273
  [1m[35m (1.0ms)[0m  [1m[36mcommit transaction[0m
  ↳ /Users/seanwatters/.rvm/rubies/ruby-2.6.1/lib/ruby/gems/2.6.0/gems/rake-12.3.2/lib/rake/task.rb:273
  [1m[36mActiveRecord::InternalMetadata Load (0.1ms)[0m  [1m[34mSELECT  "ar_internal_metadata".* FROM "ar_internal_metadata" WHERE "ar_internal_metadata"."key" = ? LIMIT ?[0m  [["key", "environment"], ["LIMIT", 1]]
  ↳ /Users/seanwatters/.rvm/rubies/ruby-2.6.1/lib/ruby/gems/2.6.0/gems/rake-12.3.2/lib/rake/task.rb:273
  [1m[35m (0.1ms)[0m  [1m[36mbegin transaction[0m
  ↳ /Users/seanwatters/.rvm/rubies/ruby-2.6.1/lib/ruby/gems/2.6.0/gems/rake-12.3.2/lib/rake/task.rb:273
  [1m[35m (0.0ms)[0m  [1m[36mcommit transaction[0m
  ↳ /Users/seanwatters/.rvm/rubies/ruby-2.6.1/lib/ruby/gems/2.6.0/gems/rake-12.3.2/lib/rake/task.rb:273
  [1m[35m (0.1ms)[0m  [1m[34mSELECT "schema_migrations"."version" FROM "schema_migrations" ORDER BY "schema_migrations"."version" ASC[0m
  ↳ /Users/seanwatters/.rvm/rubies/ruby-2.6.1/lib/ruby/gems/2.6.0/gems/rake-12.3.2/lib/rake/task.rb:273
Started GET "/games" for ::1 at 2019-06-17 10:34:54 -0700
  [1m[35m (0.1ms)[0m  [1m[34mSELECT "schema_migrations"."version" FROM "schema_migrations" ORDER BY "schema_migrations"."version" ASC[0m
  ↳ /Users/seanwatters/.rvm/gems/ruby-2.6.1/gems/activerecord-5.2.3/lib/active_record/log_subscriber.rb:98
Processing by GamesController#index as HTML
  [1m[36mGame Load (0.1ms)[0m  [1m[34mSELECT "games".* FROM "games"[0m
  ↳ app/controllers/games_controller.rb:5
Completed 200 OK in 4ms (Views: 1.0ms | ActiveRecord: 0.3ms)


  [1m[35m (0.1ms)[0m  [1m[34mSELECT "schema_migrations"."version" FROM "schema_migrations" ORDER BY "schema_migrations"."version" ASC[0m
  ↳ /Users/seanwatters/.rvm/rubies/ruby-2.6.1/lib/ruby/gems/2.6.0/gems/rake-12.3.2/lib/rake/task.rb:273
  [1m[35m (0.1ms)[0m  [1m[34mSELECT "schema_migrations"."version" FROM "schema_migrations" ORDER BY "schema_migrations"."version" ASC[0m
  ↳ /Users/seanwatters/.rvm/rubies/ruby-2.6.1/lib/ruby/gems/2.6.0/gems/rake-12.3.2/lib/rake/task.rb:273
  [1m[36mGame Load (0.2ms)[0m  [1m[34mSELECT "games".* FROM "games"[0m
  ↳ db/seeds.rb:1
  [1m[35m (0.1ms)[0m  [1m[34mSELECT "schema_migrations"."version" FROM "schema_migrations" ORDER BY "schema_migrations"."version" ASC[0m
  ↳ /Users/seanwatters/.rvm/rubies/ruby-2.6.1/lib/ruby/gems/2.6.0/gems/rake-12.3.2/lib/rake/task.rb:273
  [1m[36mGame Load (0.1ms)[0m  [1m[34mSELECT "games".* FROM "games"[0m
  ↳ db/seeds.rb:1
  [1m[36mScore Load (0.1ms)[0m  [1m[34mSELECT "scores".* FROM "scores"[0m
  ↳ db/seeds.rb:2
  [1m[35m (0.1ms)[0m  [1m[36mbegin transaction[0m
  ↳ db/seeds.rb:5
  [1m[35m (0.1ms)[0m  [1m[31mrollback transaction[0m
  ↳ db/seeds.rb:5
  [1m[35m (0.1ms)[0m  [1m[36mbegin transaction[0m
  ↳ db/seeds.rb:6
  [1m[36mScore Create (0.5ms)[0m  [1m[32mINSERT INTO "scores" ("player", "score", "created_at", "updated_at") VALUES (?, ?, ?, ?)[0m  [["player", "player1"], ["score", 1234], ["created_at", "2019-06-17 17:36:24.249790"], ["updated_at", "2019-06-17 17:36:24.249790"]]
  ↳ db/seeds.rb:6
  [1m[35m (1.0ms)[0m  [1m[36mcommit transaction[0m
  ↳ db/seeds.rb:6
Started GET "/games" for ::1 at 2019-06-17 10:36:32 -0700
  [1m[35m (0.1ms)[0m  [1m[34mSELECT "schema_migrations"."version" FROM "schema_migrations" ORDER BY "schema_migrations"."version" ASC[0m
  ↳ /Users/seanwatters/.rvm/gems/ruby-2.6.1/gems/activerecord-5.2.3/lib/active_record/log_subscriber.rb:98
Processing by GamesController#index as HTML
  [1m[36mGame Load (0.1ms)[0m  [1m[34mSELECT "games".* FROM "games"[0m
  ↳ app/controllers/games_controller.rb:5
Completed 200 OK in 3ms (Views: 0.8ms | ActiveRecord: 0.3ms)


Started GET "/games" for ::1 at 2019-06-17 10:36:33 -0700
Processing by GamesController#index as HTML
  [1m[36mGame Load (0.1ms)[0m  [1m[34mSELECT "games".* FROM "games"[0m
  ↳ app/controllers/games_controller.rb:5
Completed 200 OK in 1ms (Views: 0.7ms | ActiveRecord: 0.1ms)


Started GET "/scores" for ::1 at 2019-06-17 10:36:42 -0700
Processing by ScoresController#index as HTML
Completed 500 Internal Server Error in 1ms (ActiveRecord: 0.0ms)


  
NameError (uninitialized constant ScoresController::HighScore):
  
app/controllers/scores_controller.rb:4:in `index'
Started GET "/scores" for ::1 at 2019-06-17 10:37:03 -0700
Processing by ScoresController#index as HTML
  [1m[36mScore Load (0.2ms)[0m  [1m[34mSELECT "scores".* FROM "scores"[0m
  ↳ app/controllers/scores_controller.rb:5
Completed 200 OK in 8ms (Views: 5.7ms | ActiveRecord: 0.7ms)


Started GET "/games" for ::1 at 2019-06-17 10:37:23 -0700
Processing by GamesController#index as HTML
  [1m[36mGame Load (0.3ms)[0m  [1m[34mSELECT "games".* FROM "games"[0m
  ↳ app/controllers/games_controller.rb:5
Completed 200 OK in 4ms (Views: 1.3ms | ActiveRecord: 0.6ms)


  [1m[35m (0.1ms)[0m  [1m[34mSELECT "schema_migrations"."version" FROM "schema_migrations" ORDER BY "schema_migrations"."version" ASC[0m
  ↳ /Users/seanwatters/.rvm/rubies/ruby-2.6.1/lib/ruby/gems/2.6.0/gems/rake-12.3.2/lib/rake/task.rb:273
  [1m[35m (0.0ms)[0m  [1m[36mbegin transaction[0m
  ↳ db/seeds.rb:5
  [1m[35m (0.1ms)[0m  [1m[31mrollback transaction[0m
  ↳ db/seeds.rb:5
  [1m[35m (0.1ms)[0m  [1m[36mbegin transaction[0m
  ↳ db/seeds.rb:6
  [1m[36mScore Create (0.5ms)[0m  [1m[32mINSERT INTO "scores" ("player", "score", "created_at", "updated_at") VALUES (?, ?, ?, ?)[0m  [["player", "player1"], ["score", 1234], ["created_at", "2019-06-17 17:39:04.351496"], ["updated_at", "2019-06-17 17:39:04.351496"]]
  ↳ db/seeds.rb:6
  [1m[35m (0.9ms)[0m  [1m[36mcommit transaction[0m
  ↳ db/seeds.rb:6
Started GET "/games" for ::1 at 2019-06-17 10:39:13 -0700
  [1m[35m (0.1ms)[0m  [1m[34mSELECT "schema_migrations"."version" FROM "schema_migrations" ORDER BY "schema_migrations"."version" ASC[0m
  ↳ /Users/seanwatters/.rvm/gems/ruby-2.6.1/gems/activerecord-5.2.3/lib/active_record/log_subscriber.rb:98
Processing by GamesController#index as HTML
  [1m[36mGame Load (0.1ms)[0m  [1m[34mSELECT "games".* FROM "games"[0m
  ↳ app/controllers/games_controller.rb:5
Completed 200 OK in 4ms (Views: 1.0ms | ActiveRecord: 0.4ms)


Started GET "/games" for ::1 at 2019-06-17 10:39:14 -0700
Processing by GamesController#index as HTML
  [1m[36mGame Load (0.1ms)[0m  [1m[34mSELECT "games".* FROM "games"[0m
  ↳ app/controllers/games_controller.rb:5
Completed 200 OK in 1ms (Views: 0.5ms | ActiveRecord: 0.1ms)


Started GET "/games" for ::1 at 2019-06-17 10:39:15 -0700
Processing by GamesController#index as HTML
  [1m[36mGame Load (0.1ms)[0m  [1m[34mSELECT "games".* FROM "games"[0m
  ↳ app/controllers/games_controller.rb:5
Completed 200 OK in 1ms (Views: 0.6ms | ActiveRecord: 0.1ms)


  [1m[35m (0.1ms)[0m  [1m[34mSELECT "schema_migrations"."version" FROM "schema_migrations" ORDER BY "schema_migrations"."version" ASC[0m
  ↳ /Users/seanwatters/.rvm/rubies/ruby-2.6.1/lib/ruby/gems/2.6.0/gems/rake-12.3.2/lib/rake/task.rb:273
  [1m[35m (0.0ms)[0m  [1m[36mbegin transaction[0m
  ↳ db/seeds.rb:5
  [1m[36mGame Create (0.4ms)[0m  [1m[32mINSERT INTO "games" ("name", "created_at", "updated_at") VALUES (?, ?, ?)[0m  [["name", "game"], ["created_at", "2019-06-17 17:40:23.108462"], ["updated_at", "2019-06-17 17:40:23.108462"]]
  ↳ db/seeds.rb:5
  [1m[35m (1.0ms)[0m  [1m[36mcommit transaction[0m
  ↳ db/seeds.rb:5
  [1m[35m (0.1ms)[0m  [1m[36mbegin transaction[0m
  ↳ db/seeds.rb:6
  [1m[36mScore Create (0.6ms)[0m  [1m[32mINSERT INTO "scores" ("player", "score", "game_id", "created_at", "updated_at") VALUES (?, ?, ?, ?, ?)[0m  [["player", "player1"], ["score", 1234], ["game_id", 1], ["created_at", "2019-06-17 17:40:23.123062"], ["updated_at", "2019-06-17 17:40:23.123062"]]
  ↳ db/seeds.rb:6
  [1m[35m (0.9ms)[0m  [1m[36mcommit transaction[0m
  ↳ db/seeds.rb:6
Started GET "/games" for ::1 at 2019-06-17 10:40:33 -0700
  [1m[35m (0.1ms)[0m  [1m[34mSELECT "schema_migrations"."version" FROM "schema_migrations" ORDER BY "schema_migrations"."version" ASC[0m
  ↳ /Users/seanwatters/.rvm/gems/ruby-2.6.1/gems/activerecord-5.2.3/lib/active_record/log_subscriber.rb:98
Processing by GamesController#index as HTML
  [1m[36mGame Load (0.1ms)[0m  [1m[34mSELECT "games".* FROM "games"[0m
  ↳ app/controllers/games_controller.rb:5
Completed 200 OK in 8ms (Views: 4.5ms | ActiveRecord: 0.6ms)


Started GET "/games" for ::1 at 2019-06-17 10:40:38 -0700
Processing by GamesController#index as HTML
  [1m[36mGame Load (0.1ms)[0m  [1m[34mSELECT "games".* FROM "games"[0m
  ↳ app/controllers/games_controller.rb:5
Completed 200 OK in 1ms (Views: 1.0ms | ActiveRecord: 0.1ms)


Started GET "/scores" for ::1 at 2019-06-17 10:40:44 -0700
Processing by ScoresController#index as HTML
  [1m[36mScore Load (0.3ms)[0m  [1m[34mSELECT "scores".* FROM "scores"[0m
  ↳ app/controllers/scores_controller.rb:5
Completed 200 OK in 11ms (Views: 7.3ms | ActiveRecord: 0.8ms)


Started GET "/games" for ::1 at 2019-06-17 10:41:12 -0700
Processing by GamesController#index as HTML
  [1m[36mGame Load (0.2ms)[0m  [1m[34mSELECT "games".* FROM "games"[0m
  ↳ app/controllers/games_controller.rb:5
Completed 200 OK in 2ms (Views: 1.7ms | ActiveRecord: 0.2ms)


  [1m[35m (0.1ms)[0m  [1m[34mSELECT "schema_migrations"."version" FROM "schema_migrations" ORDER BY "schema_migrations"."version" ASC[0m
  ↳ /Users/seanwatters/.rvm/rubies/ruby-2.6.1/lib/ruby/gems/2.6.0/gems/rake-12.3.2/lib/rake/task.rb:273
  [1m[36mGame Load (0.1ms)[0m  [1m[34mSELECT "games".* FROM "games"[0m
  ↳ db/seeds.rb:1
  [1m[35m (0.1ms)[0m  [1m[36mbegin transaction[0m
  ↳ db/seeds.rb:1
  [1m[36mGame Destroy (0.6ms)[0m  [1m[31mDELETE FROM "games" WHERE "games"."id" = ?[0m  [["id", 1]]
  ↳ db/seeds.rb:1
  [1m[35m (0.4ms)[0m  [1m[31mrollback transaction[0m
  ↳ db/seeds.rb:1
  [1m[35m (0.1ms)[0m  [1m[34mSELECT "schema_migrations"."version" FROM "schema_migrations" ORDER BY "schema_migrations"."version" ASC[0m
  ↳ /Users/seanwatters/.rvm/rubies/ruby-2.6.1/lib/ruby/gems/2.6.0/gems/rake-12.3.2/lib/rake/task.rb:273
  [1m[35m (0.1ms)[0m  [1m[36mbegin transaction[0m
  ↳ db/seeds.rb:5
  [1m[36mGame Create (0.5ms)[0m  [1m[32mINSERT INTO "games" ("name", "created_at", "updated_at") VALUES (?, ?, ?)[0m  [["name", "Block Dodger"], ["created_at", "2019-06-17 17:44:56.788907"], ["updated_at", "2019-06-17 17:44:56.788907"]]
  ↳ db/seeds.rb:5
  [1m[35m (0.9ms)[0m  [1m[36mcommit transaction[0m
  ↳ db/seeds.rb:5
  [1m[35m (0.1ms)[0m  [1m[36mbegin transaction[0m
  ↳ db/seeds.rb:6
  [1m[36mGame Create (0.4ms)[0m  [1m[32mINSERT INTO "games" ("name", "created_at", "updated_at") VALUES (?, ?, ?)[0m  [["name", "Pong"], ["created_at", "2019-06-17 17:44:56.792356"], ["updated_at", "2019-06-17 17:44:56.792356"]]
  ↳ db/seeds.rb:6
  [1m[35m (0.9ms)[0m  [1m[36mcommit transaction[0m
  ↳ db/seeds.rb:6
  [1m[35m (0.0ms)[0m  [1m[36mbegin transaction[0m
  ↳ db/seeds.rb:7
  [1m[36mGame Create (0.3ms)[0m  [1m[32mINSERT INTO "games" ("name", "created_at", "updated_at") VALUES (?, ?, ?)[0m  [["name", "Brick"], ["created_at", "2019-06-17 17:44:56.795626"], ["updated_at", "2019-06-17 17:44:56.795626"]]
  ↳ db/seeds.rb:7
  [1m[35m (0.9ms)[0m  [1m[36mcommit transaction[0m
  ↳ db/seeds.rb:7
  [1m[35m (0.1ms)[0m  [1m[36mbegin transaction[0m
  ↳ db/seeds.rb:10
  [1m[36mScore Create (0.4ms)[0m  [1m[32mINSERT INTO "scores" ("player", "score", "game_id", "created_at", "updated_at") VALUES (?, ?, ?, ?, ?)[0m  [["player", "player1"], ["score", 25], ["game_id", 2], ["created_at", "2019-06-17 17:44:56.807584"], ["updated_at", "2019-06-17 17:44:56.807584"]]
  ↳ db/seeds.rb:10
  [1m[35m (0.9ms)[0m  [1m[36mcommit transaction[0m
  ↳ db/seeds.rb:10
  [1m[35m (0.1ms)[0m  [1m[36mbegin transaction[0m
  ↳ db/seeds.rb:11
  [1m[36mScore Create (0.6ms)[0m  [1m[32mINSERT INTO "scores" ("player", "score", "game_id", "created_at", "updated_at") VALUES (?, ?, ?, ?, ?)[0m  [["player", "player2"], ["score", 27], ["game_id", 2], ["created_at", "2019-06-17 17:44:56.810817"], ["updated_at", "2019-06-17 17:44:56.810817"]]
  ↳ db/seeds.rb:11
  [1m[35m (0.9ms)[0m  [1m[36mcommit transaction[0m
  ↳ db/seeds.rb:11
  [1m[35m (0.0ms)[0m  [1m[36mbegin transaction[0m
  ↳ db/seeds.rb:12
  [1m[36mScore Create (0.5ms)[0m  [1m[32mINSERT INTO "scores" ("player", "score", "game_id", "created_at", "updated_at") VALUES (?, ?, ?, ?, ?)[0m  [["player", "player3"], ["score", 23], ["game_id", 2], ["created_at", "2019-06-17 17:44:56.814340"], ["updated_at", "2019-06-17 17:44:56.814340"]]
  ↳ db/seeds.rb:12
  [1m[35m (0.8ms)[0m  [1m[36mcommit transaction[0m
  ↳ db/seeds.rb:12
  [1m[35m (0.0ms)[0m  [1m[36mbegin transaction[0m
  ↳ db/seeds.rb:13
  [1m[36mScore Create (0.4ms)[0m  [1m[32mINSERT INTO "scores" ("player", "score", "game_id", "created_at", "updated_at") VALUES (?, ?, ?, ?, ?)[0m  [["player", "player4"], ["score", 24], ["game_id", 2], ["created_at", "2019-06-17 17:44:56.817314"], ["updated_at", "2019-06-17 17:44:56.817314"]]
  ↳ db/seeds.rb:13
  [1m[35m (0.6ms)[0m  [1m[36mcommit transaction[0m
  ↳ db/seeds.rb:13
  [1m[35m (0.0ms)[0m  [1m[36mbegin transaction[0m
  ↳ db/seeds.rb:15
  [1m[36mScore Create (0.4ms)[0m  [1m[32mINSERT INTO "scores" ("player", "score", "game_id", "created_at", "updated_at") VALUES (?, ?, ?, ?, ?)[0m  [["player", "player1"], ["score", 25], ["game_id", 3], ["created_at", "2019-06-17 17:44:56.820088"], ["updated_at", "2019-06-17 17:44:56.820088"]]
  ↳ db/seeds.rb:15
  [1m[35m (0.8ms)[0m  [1m[36mcommit transaction[0m
  ↳ db/seeds.rb:15
  [1m[35m (0.1ms)[0m  [1m[36mbegin transaction[0m
  ↳ db/seeds.rb:16
  [1m[36mScore Create (0.4ms)[0m  [1m[32mINSERT INTO "scores" ("player", "score", "game_id", "created_at", "updated_at") VALUES (?, ?, ?, ?, ?)[0m  [["player", "player2"], ["score", 27], ["game_id", 3], ["created_at", "2019-06-17 17:44:56.837218"], ["updated_at", "2019-06-17 17:44:56.837218"]]
  ↳ db/seeds.rb:16
  [1m[35m (1.0ms)[0m  [1m[36mcommit transaction[0m
  ↳ db/seeds.rb:16
  [1m[35m (0.0ms)[0m  [1m[36mbegin transaction[0m
  ↳ db/seeds.rb:17
  [1m[36mScore Create (0.4ms)[0m  [1m[32mINSERT INTO "scores" ("player", "score", "game_id", "created_at", "updated_at") VALUES (?, ?, ?, ?, ?)[0m  [["player", "player3"], ["score", 23], ["game_id", 3], ["created_at", "2019-06-17 17:44:56.840573"], ["updated_at", "2019-06-17 17:44:56.840573"]]
  ↳ db/seeds.rb:17
  [1m[35m (0.9ms)[0m  [1m[36mcommit transaction[0m
  ↳ db/seeds.rb:17
  [1m[35m (0.0ms)[0m  [1m[36mbegin transaction[0m
  ↳ db/seeds.rb:18
  [1m[36mScore Create (0.4ms)[0m  [1m[32mINSERT INTO "scores" ("player", "score", "game_id", "created_at", "updated_at") VALUES (?, ?, ?, ?, ?)[0m  [["player", "player4"], ["score", 24], ["game_id", 3], ["created_at", "2019-06-17 17:44:56.843375"], ["updated_at", "2019-06-17 17:44:56.843375"]]
  ↳ db/seeds.rb:18
  [1m[35m (1.0ms)[0m  [1m[36mcommit transaction[0m
  ↳ db/seeds.rb:18
  [1m[35m (0.0ms)[0m  [1m[36mbegin transaction[0m
  ↳ db/seeds.rb:20
  [1m[36mScore Create (0.4ms)[0m  [1m[32mINSERT INTO "scores" ("player", "score", "game_id", "created_at", "updated_at") VALUES (?, ?, ?, ?, ?)[0m  [["player", "player1"], ["score", 25], ["game_id", 4], ["created_at", "2019-06-17 17:44:56.846499"], ["updated_at", "2019-06-17 17:44:56.846499"]]
  ↳ db/seeds.rb:20
  [1m[35m (0.9ms)[0m  [1m[36mcommit transaction[0m
  ↳ db/seeds.rb:20
  [1m[35m (0.0ms)[0m  [1m[36mbegin transaction[0m
  ↳ db/seeds.rb:21
  [1m[36mScore Create (0.4ms)[0m  [1m[32mINSERT INTO "scores" ("player", "score", "game_id", "created_at", "updated_at") VALUES (?, ?, ?, ?, ?)[0m  [["player", "player2"], ["score", 27], ["game_id", 4], ["created_at", "2019-06-17 17:44:56.849384"], ["updated_at", "2019-06-17 17:44:56.849384"]]
  ↳ db/seeds.rb:21
  [1m[35m (1.0ms)[0m  [1m[36mcommit transaction[0m
  ↳ db/seeds.rb:21
  [1m[35m (0.1ms)[0m  [1m[36mbegin transaction[0m
  ↳ db/seeds.rb:22
  [1m[36mScore Create (0.6ms)[0m  [1m[32mINSERT INTO "scores" ("player", "score", "game_id", "created_at", "updated_at") VALUES (?, ?, ?, ?, ?)[0m  [["player", "player3"], ["score", 23], ["game_id", 4], ["created_at", "2019-06-17 17:44:56.852804"], ["updated_at", "2019-06-17 17:44:56.852804"]]
  ↳ db/seeds.rb:22
  [1m[35m (1.0ms)[0m  [1m[36mcommit transaction[0m
  ↳ db/seeds.rb:22
  [1m[35m (0.1ms)[0m  [1m[36mbegin transaction[0m
  ↳ db/seeds.rb:23
  [1m[36mScore Create (0.6ms)[0m  [1m[32mINSERT INTO "scores" ("player", "score", "game_id", "created_at", "updated_at") VALUES (?, ?, ?, ?, ?)[0m  [["player", "player4"], ["score", 24], ["game_id", 4], ["created_at", "2019-06-17 17:44:56.856716"], ["updated_at", "2019-06-17 17:44:56.856716"]]
  ↳ db/seeds.rb:23
  [1m[35m (0.9ms)[0m  [1m[36mcommit transaction[0m
  ↳ db/seeds.rb:23
  [1m[35m (0.1ms)[0m  [1m[34mSELECT "schema_migrations"."version" FROM "schema_migrations" ORDER BY "schema_migrations"."version" ASC[0m
  ↳ /Users/seanwatters/.rvm/rubies/ruby-2.6.1/lib/ruby/gems/2.6.0/gems/rake-12.3.2/lib/rake/task.rb:273
  [1m[36mGame Load (0.1ms)[0m  [1m[34mSELECT "games".* FROM "games"[0m
  ↳ db/seeds.rb:1
  [1m[35m (0.0ms)[0m  [1m[36mbegin transaction[0m
  ↳ db/seeds.rb:1
  [1m[36mGame Destroy (0.6ms)[0m  [1m[31mDELETE FROM "games" WHERE "games"."id" = ?[0m  [["id", 1]]
  ↳ db/seeds.rb:1
  [1m[35m (0.3ms)[0m  [1m[31mrollback transaction[0m
  ↳ db/seeds.rb:1
Started GET "/games" for ::1 at 2019-06-17 10:45:24 -0700
  [1m[35m (0.1ms)[0m  [1m[34mSELECT "schema_migrations"."version" FROM "schema_migrations" ORDER BY "schema_migrations"."version" ASC[0m
  ↳ /Users/seanwatters/.rvm/gems/ruby-2.6.1/gems/activerecord-5.2.3/lib/active_record/log_subscriber.rb:98
Processing by GamesController#index as HTML
  [1m[36mGame Load (0.1ms)[0m  [1m[34mSELECT "games".* FROM "games"[0m
  ↳ app/controllers/games_controller.rb:5
Completed 200 OK in 7ms (Views: 4.5ms | ActiveRecord: 0.5ms)


Started GET "/scores" for ::1 at 2019-06-17 10:45:36 -0700
Processing by ScoresController#index as HTML
  [1m[36mScore Load (0.3ms)[0m  [1m[34mSELECT "scores".* FROM "scores"[0m
  ↳ app/controllers/scores_controller.rb:5
Completed 200 OK in 14ms (Views: 9.9ms | ActiveRecord: 1.0ms)


  [1m[35m (0.1ms)[0m  [1m[34mSELECT "schema_migrations"."version" FROM "schema_migrations" ORDER BY "schema_migrations"."version" ASC[0m
  ↳ /Users/seanwatters/.rvm/rubies/ruby-2.6.1/lib/ruby/gems/2.6.0/gems/rake-12.3.2/lib/rake/task.rb:273
  [1m[36mGame Load (0.1ms)[0m  [1m[34mSELECT "games".* FROM "games"[0m
  ↳ db/seeds.rb:1
  [1m[35m (0.1ms)[0m  [1m[36mbegin transaction[0m
  ↳ db/seeds.rb:1
  [1m[36mGame Destroy (0.6ms)[0m  [1m[31mDELETE FROM "games" WHERE "games"."id" = ?[0m  [["id", 1]]
  ↳ db/seeds.rb:1
  [1m[35m (0.4ms)[0m  [1m[31mrollback transaction[0m
  ↳ db/seeds.rb:1
  [1m[35m (0.1ms)[0m  [1m[34mSELECT "schema_migrations"."version" FROM "schema_migrations" ORDER BY "schema_migrations"."version" ASC[0m
  ↳ /Users/seanwatters/.rvm/rubies/ruby-2.6.1/lib/ruby/gems/2.6.0/gems/rake-12.3.2/lib/rake/task.rb:273
  [1m[36mScore Load (0.2ms)[0m  [1m[34mSELECT "scores".* FROM "scores"[0m
  ↳ db/seeds.rb:1
  [1m[35m (0.1ms)[0m  [1m[36mbegin transaction[0m
  ↳ db/seeds.rb:1
  [1m[36mScore Destroy (0.5ms)[0m  [1m[31mDELETE FROM "scores" WHERE "scores"."id" = ?[0m  [["id", 1]]
  ↳ db/seeds.rb:1
  [1m[35m (1.0ms)[0m  [1m[36mcommit transaction[0m
  ↳ db/seeds.rb:1
  [1m[35m (0.1ms)[0m  [1m[36mbegin transaction[0m
  ↳ db/seeds.rb:1
  [1m[36mScore Destroy (0.4ms)[0m  [1m[31mDELETE FROM "scores" WHERE "scores"."id" = ?[0m  [["id", 2]]
  ↳ db/seeds.rb:1
  [1m[35m (0.8ms)[0m  [1m[36mcommit transaction[0m
  ↳ db/seeds.rb:1
  [1m[35m (0.1ms)[0m  [1m[36mbegin transaction[0m
  ↳ db/seeds.rb:1
  [1m[36mScore Destroy (0.5ms)[0m  [1m[31mDELETE FROM "scores" WHERE "scores"."id" = ?[0m  [["id", 3]]
  ↳ db/seeds.rb:1
  [1m[35m (1.4ms)[0m  [1m[36mcommit transaction[0m
  ↳ db/seeds.rb:1
  [1m[35m (0.1ms)[0m  [1m[36mbegin transaction[0m
  ↳ db/seeds.rb:1
  [1m[36mScore Destroy (0.6ms)[0m  [1m[31mDELETE FROM "scores" WHERE "scores"."id" = ?[0m  [["id", 4]]
  ↳ db/seeds.rb:1
  [1m[35m (1.2ms)[0m  [1m[36mcommit transaction[0m
  ↳ db/seeds.rb:1
  [1m[35m (0.1ms)[0m  [1m[36mbegin transaction[0m
  ↳ db/seeds.rb:1
  [1m[36mScore Destroy (0.4ms)[0m  [1m[31mDELETE FROM "scores" WHERE "scores"."id" = ?[0m  [["id", 5]]
  ↳ db/seeds.rb:1
  [1m[35m (0.9ms)[0m  [1m[36mcommit transaction[0m
  ↳ db/seeds.rb:1
  [1m[35m (0.0ms)[0m  [1m[36mbegin transaction[0m
  ↳ db/seeds.rb:1
  [1m[36mScore Destroy (0.4ms)[0m  [1m[31mDELETE FROM "scores" WHERE "scores"."id" = ?[0m  [["id", 6]]
  ↳ db/seeds.rb:1
  [1m[35m (0.8ms)[0m  [1m[36mcommit transaction[0m
  ↳ db/seeds.rb:1
  [1m[35m (0.0ms)[0m  [1m[36mbegin transaction[0m
  ↳ db/seeds.rb:1
  [1m[36mScore Destroy (0.3ms)[0m  [1m[31mDELETE FROM "scores" WHERE "scores"."id" = ?[0m  [["id", 7]]
  ↳ db/seeds.rb:1
  [1m[35m (1.3ms)[0m  [1m[36mcommit transaction[0m
  ↳ db/seeds.rb:1
  [1m[35m (0.1ms)[0m  [1m[36mbegin transaction[0m
  ↳ db/seeds.rb:1
  [1m[36mScore Destroy (0.4ms)[0m  [1m[31mDELETE FROM "scores" WHERE "scores"."id" = ?[0m  [["id", 8]]
  ↳ db/seeds.rb:1
  [1m[35m (1.2ms)[0m  [1m[36mcommit transaction[0m
  ↳ db/seeds.rb:1
  [1m[35m (0.1ms)[0m  [1m[36mbegin transaction[0m
  ↳ db/seeds.rb:1
  [1m[36mScore Destroy (0.4ms)[0m  [1m[31mDELETE FROM "scores" WHERE "scores"."id" = ?[0m  [["id", 9]]
  ↳ db/seeds.rb:1
  [1m[35m (0.8ms)[0m  [1m[36mcommit transaction[0m
  ↳ db/seeds.rb:1
  [1m[35m (0.1ms)[0m  [1m[36mbegin transaction[0m
  ↳ db/seeds.rb:1
  [1m[36mScore Destroy (0.5ms)[0m  [1m[31mDELETE FROM "scores" WHERE "scores"."id" = ?[0m  [["id", 10]]
  ↳ db/seeds.rb:1
  [1m[35m (1.1ms)[0m  [1m[36mcommit transaction[0m
  ↳ db/seeds.rb:1
  [1m[35m (0.1ms)[0m  [1m[36mbegin transaction[0m
  ↳ db/seeds.rb:1
  [1m[36mScore Destroy (0.3ms)[0m  [1m[31mDELETE FROM "scores" WHERE "scores"."id" = ?[0m  [["id", 11]]
  ↳ db/seeds.rb:1
  [1m[35m (0.8ms)[0m  [1m[36mcommit transaction[0m
  ↳ db/seeds.rb:1
  [1m[35m (0.0ms)[0m  [1m[36mbegin transaction[0m
  ↳ db/seeds.rb:1
  [1m[36mScore Destroy (0.5ms)[0m  [1m[31mDELETE FROM "scores" WHERE "scores"."id" = ?[0m  [["id", 12]]
  ↳ db/seeds.rb:1
  [1m[35m (0.9ms)[0m  [1m[36mcommit transaction[0m
  ↳ db/seeds.rb:1
  [1m[35m (0.0ms)[0m  [1m[36mbegin transaction[0m
  ↳ db/seeds.rb:1
  [1m[36mScore Destroy (0.4ms)[0m  [1m[31mDELETE FROM "scores" WHERE "scores"."id" = ?[0m  [["id", 13]]
  ↳ db/seeds.rb:1
  [1m[35m (0.8ms)[0m  [1m[36mcommit transaction[0m
  ↳ db/seeds.rb:1
  [1m[35m (0.0ms)[0m  [1m[36mbegin transaction[0m
  ↳ db/seeds.rb:1
  [1m[36mScore Destroy (0.3ms)[0m  [1m[31mDELETE FROM "scores" WHERE "scores"."id" = ?[0m  [["id", 14]]
  ↳ db/seeds.rb:1
  [1m[35m (0.9ms)[0m  [1m[36mcommit transaction[0m
  ↳ db/seeds.rb:1
  [1m[35m (0.0ms)[0m  [1m[36mbegin transaction[0m
  ↳ db/seeds.rb:1
  [1m[36mScore Destroy (0.3ms)[0m  [1m[31mDELETE FROM "scores" WHERE "scores"."id" = ?[0m  [["id", 15]]
  ↳ db/seeds.rb:1
  [1m[35m (0.9ms)[0m  [1m[36mcommit transaction[0m
  ↳ db/seeds.rb:1
  [1m[36mGame Load (0.4ms)[0m  [1m[34mSELECT "games".* FROM "games"[0m
  ↳ db/seeds.rb:2
  [1m[35m (0.1ms)[0m  [1m[36mbegin transaction[0m
  ↳ db/seeds.rb:2
  [1m[36mGame Destroy (0.3ms)[0m  [1m[31mDELETE FROM "games" WHERE "games"."id" = ?[0m  [["id", 1]]
  ↳ db/seeds.rb:2
  [1m[35m (0.8ms)[0m  [1m[36mcommit transaction[0m
  ↳ db/seeds.rb:2
  [1m[35m (0.0ms)[0m  [1m[36mbegin transaction[0m
  ↳ db/seeds.rb:2
  [1m[36mGame Destroy (0.4ms)[0m  [1m[31mDELETE FROM "games" WHERE "games"."id" = ?[0m  [["id", 2]]
  ↳ db/seeds.rb:2
  [1m[35m (0.9ms)[0m  [1m[36mcommit transaction[0m
  ↳ db/seeds.rb:2
  [1m[35m (0.1ms)[0m  [1m[36mbegin transaction[0m
  ↳ db/seeds.rb:2
  [1m[36mGame Destroy (0.4ms)[0m  [1m[31mDELETE FROM "games" WHERE "games"."id" = ?[0m  [["id", 3]]
  ↳ db/seeds.rb:2
  [1m[35m (1.4ms)[0m  [1m[36mcommit transaction[0m
  ↳ db/seeds.rb:2
  [1m[35m (0.1ms)[0m  [1m[36mbegin transaction[0m
  ↳ db/seeds.rb:2
  [1m[36mGame Destroy (0.6ms)[0m  [1m[31mDELETE FROM "games" WHERE "games"."id" = ?[0m  [["id", 4]]
  ↳ db/seeds.rb:2
  [1m[35m (1.1ms)[0m  [1m[36mcommit transaction[0m
  ↳ db/seeds.rb:2
  [1m[35m (0.1ms)[0m  [1m[36mbegin transaction[0m
  ↳ db/seeds.rb:6
  [1m[36mGame Create (0.5ms)[0m  [1m[32mINSERT INTO "games" ("name", "created_at", "updated_at") VALUES (?, ?, ?)[0m  [["name", "Block Dodger"], ["created_at", "2019-06-17 17:47:13.853859"], ["updated_at", "2019-06-17 17:47:13.853859"]]
  ↳ db/seeds.rb:6
  [1m[35m (1.0ms)[0m  [1m[36mcommit transaction[0m
  ↳ db/seeds.rb:6
  [1m[35m (0.1ms)[0m  [1m[36mbegin transaction[0m
  ↳ db/seeds.rb:7
  [1m[36mGame Create (0.7ms)[0m  [1m[32mINSERT INTO "games" ("name", "created_at", "updated_at") VALUES (?, ?, ?)[0m  [["name", "Pong"], ["created_at", "2019-06-17 17:47:13.858549"], ["updated_at", "2019-06-17 17:47:13.858549"]]
  ↳ db/seeds.rb:7
  [1m[35m (1.2ms)[0m  [1m[36mcommit transaction[0m
  ↳ db/seeds.rb:7
  [1m[35m (0.1ms)[0m  [1m[36mbegin transaction[0m
  ↳ db/seeds.rb:8
  [1m[36mGame Create (0.4ms)[0m  [1m[32mINSERT INTO "games" ("name", "created_at", "updated_at") VALUES (?, ?, ?)[0m  [["name", "Brick"], ["created_at", "2019-06-17 17:47:13.863103"], ["updated_at", "2019-06-17 17:47:13.863103"]]
  ↳ db/seeds.rb:8
  [1m[35m (1.0ms)[0m  [1m[36mcommit transaction[0m
  ↳ db/seeds.rb:8
  [1m[35m (0.1ms)[0m  [1m[36mbegin transaction[0m
  ↳ db/seeds.rb:11
  [1m[36mScore Create (0.4ms)[0m  [1m[32mINSERT INTO "scores" ("player", "score", "game_id", "created_at", "updated_at") VALUES (?, ?, ?, ?, ?)[0m  [["player", "player1"], ["score", 25], ["game_id", 5], ["created_at", "2019-06-17 17:47:13.868732"], ["updated_at", "2019-06-17 17:47:13.868732"]]
  ↳ db/seeds.rb:11
  [1m[35m (1.1ms)[0m  [1m[36mcommit transaction[0m
  ↳ db/seeds.rb:11
  [1m[35m (0.1ms)[0m  [1m[36mbegin transaction[0m
  ↳ db/seeds.rb:12
  [1m[36mScore Create (0.5ms)[0m  [1m[32mINSERT INTO "scores" ("player", "score", "game_id", "created_at", "updated_at") VALUES (?, ?, ?, ?, ?)[0m  [["player", "player2"], ["score", 27], ["game_id", 5], ["created_at", "2019-06-17 17:47:13.872344"], ["updated_at", "2019-06-17 17:47:13.872344"]]
  ↳ db/seeds.rb:12
  [1m[35m (1.0ms)[0m  [1m[36mcommit transaction[0m
  ↳ db/seeds.rb:12
  [1m[35m (0.1ms)[0m  [1m[36mbegin transaction[0m
  ↳ db/seeds.rb:13
  [1m[36mScore Create (0.4ms)[0m  [1m[32mINSERT INTO "scores" ("player", "score", "game_id", "created_at", "updated_at") VALUES (?, ?, ?, ?, ?)[0m  [["player", "player3"], ["score", 23], ["game_id", 5], ["created_at", "2019-06-17 17:47:13.875766"], ["updated_at", "2019-06-17 17:47:13.875766"]]
  ↳ db/seeds.rb:13
  [1m[35m (1.0ms)[0m  [1m[36mcommit transaction[0m
  ↳ db/seeds.rb:13
  [1m[35m (0.1ms)[0m  [1m[36mbegin transaction[0m
  ↳ db/seeds.rb:14
  [1m[36mScore Create (0.4ms)[0m  [1m[32mINSERT INTO "scores" ("player", "score", "game_id", "created_at", "updated_at") VALUES (?, ?, ?, ?, ?)[0m  [["player", "player4"], ["score", 24], ["game_id", 5], ["created_at", "2019-06-17 17:47:13.878934"], ["updated_at", "2019-06-17 17:47:13.878934"]]
  ↳ db/seeds.rb:14
  [1m[35m (1.1ms)[0m  [1m[36mcommit transaction[0m
  ↳ db/seeds.rb:14
  [1m[35m (0.1ms)[0m  [1m[36mbegin transaction[0m
  ↳ db/seeds.rb:16
  [1m[36mScore Create (0.4ms)[0m  [1m[32mINSERT INTO "scores" ("player", "score", "game_id", "created_at", "updated_at") VALUES (?, ?, ?, ?, ?)[0m  [["player", "player1"], ["score", 25], ["game_id", 6], ["created_at", "2019-06-17 17:47:13.882454"], ["updated_at", "2019-06-17 17:47:13.882454"]]
  ↳ db/seeds.rb:16
  [1m[35m (1.0ms)[0m  [1m[36mcommit transaction[0m
  ↳ db/seeds.rb:16
  [1m[35m (0.1ms)[0m  [1m[36mbegin transaction[0m
  ↳ db/seeds.rb:17
  [1m[36mScore Create (0.6ms)[0m  [1m[32mINSERT INTO "scores" ("player", "score", "game_id", "created_at", "updated_at") VALUES (?, ?, ?, ?, ?)[0m  [["player", "player2"], ["score", 27], ["game_id", 6], ["created_at", "2019-06-17 17:47:13.885948"], ["updated_at", "2019-06-17 17:47:13.885948"]]
  ↳ db/seeds.rb:17
  [1m[35m (1.1ms)[0m  [1m[36mcommit transaction[0m
  ↳ db/seeds.rb:17
  [1m[35m (0.1ms)[0m  [1m[36mbegin transaction[0m
  ↳ db/seeds.rb:18
  [1m[36mScore Create (0.4ms)[0m  [1m[32mINSERT INTO "scores" ("player", "score", "game_id", "created_at", "updated_at") VALUES (?, ?, ?, ?, ?)[0m  [["player", "player3"], ["score", 23], ["game_id", 6], ["created_at", "2019-06-17 17:47:13.889667"], ["updated_at", "2019-06-17 17:47:13.889667"]]
  ↳ db/seeds.rb:18
  [1m[35m (1.0ms)[0m  [1m[36mcommit transaction[0m
  ↳ db/seeds.rb:18
  [1m[35m (0.0ms)[0m  [1m[36mbegin transaction[0m
  ↳ db/seeds.rb:19
  [1m[36mScore Create (0.4ms)[0m  [1m[32mINSERT INTO "scores" ("player", "score", "game_id", "created_at", "updated_at") VALUES (?, ?, ?, ?, ?)[0m  [["player", "player4"], ["score", 24], ["game_id", 6], ["created_at", "2019-06-17 17:47:13.892637"], ["updated_at", "2019-06-17 17:47:13.892637"]]
  ↳ db/seeds.rb:19
  [1m[35m (0.9ms)[0m  [1m[36mcommit transaction[0m
  ↳ db/seeds.rb:19
  [1m[35m (0.0ms)[0m  [1m[36mbegin transaction[0m
  ↳ db/seeds.rb:21
  [1m[36mScore Create (0.4ms)[0m  [1m[32mINSERT INTO "scores" ("player", "score", "game_id", "created_at", "updated_at") VALUES (?, ?, ?, ?, ?)[0m  [["player", "player1"], ["score", 25], ["game_id", 7], ["created_at", "2019-06-17 17:47:13.895393"], ["updated_at", "2019-06-17 17:47:13.895393"]]
  ↳ db/seeds.rb:21
  [1m[35m (1.0ms)[0m  [1m[36mcommit transaction[0m
  ↳ db/seeds.rb:21
  [1m[35m (0.1ms)[0m  [1m[36mbegin transaction[0m
  ↳ db/seeds.rb:22
  [1m[36mScore Create (0.4ms)[0m  [1m[32mINSERT INTO "scores" ("player", "score", "game_id", "created_at", "updated_at") VALUES (?, ?, ?, ?, ?)[0m  [["player", "player2"], ["score", 27], ["game_id", 7], ["created_at", "2019-06-17 17:47:13.898122"], ["updated_at", "2019-06-17 17:47:13.898122"]]
  ↳ db/seeds.rb:22
  [1m[35m (1.1ms)[0m  [1m[36mcommit transaction[0m
  ↳ db/seeds.rb:22
  [1m[35m (0.1ms)[0m  [1m[36mbegin transaction[0m
  ↳ db/seeds.rb:23
  [1m[36mScore Create (0.6ms)[0m  [1m[32mINSERT INTO "scores" ("player", "score", "game_id", "created_at", "updated_at") VALUES (?, ?, ?, ?, ?)[0m  [["player", "player3"], ["score", 23], ["game_id", 7], ["created_at", "2019-06-17 17:47:13.901563"], ["updated_at", "2019-06-17 17:47:13.901563"]]
  ↳ db/seeds.rb:23
  [1m[35m (1.1ms)[0m  [1m[36mcommit transaction[0m
  ↳ db/seeds.rb:23
  [1m[35m (0.1ms)[0m  [1m[36mbegin transaction[0m
  ↳ db/seeds.rb:24
  [1m[36mScore Create (0.5ms)[0m  [1m[32mINSERT INTO "scores" ("player", "score", "game_id", "created_at", "updated_at") VALUES (?, ?, ?, ?, ?)[0m  [["player", "player4"], ["score", 24], ["game_id", 7], ["created_at", "2019-06-17 17:47:13.905385"], ["updated_at", "2019-06-17 17:47:13.905385"]]
  ↳ db/seeds.rb:24
  [1m[35m (1.0ms)[0m  [1m[36mcommit transaction[0m
  ↳ db/seeds.rb:24
Started GET "/scores" for ::1 at 2019-06-17 10:47:25 -0700
  [1m[35m (0.1ms)[0m  [1m[34mSELECT "schema_migrations"."version" FROM "schema_migrations" ORDER BY "schema_migrations"."version" ASC[0m
  ↳ /Users/seanwatters/.rvm/gems/ruby-2.6.1/gems/activerecord-5.2.3/lib/active_record/log_subscriber.rb:98
Processing by ScoresController#index as HTML
  [1m[36mScore Load (0.2ms)[0m  [1m[34mSELECT "scores".* FROM "scores"[0m
  ↳ app/controllers/scores_controller.rb:5
Completed 200 OK in 10ms (Views: 6.9ms | ActiveRecord: 0.6ms)


  [1m[35m (0.1ms)[0m  [1m[34mSELECT "schema_migrations"."version" FROM "schema_migrations" ORDER BY "schema_migrations"."version" ASC[0m
  ↳ /Users/seanwatters/.rvm/rubies/ruby-2.6.1/lib/ruby/gems/2.6.0/gems/rake-12.3.2/lib/rake/task.rb:273
  [1m[36mScore Load (0.1ms)[0m  [1m[34mSELECT "scores".* FROM "scores"[0m
  ↳ db/seeds.rb:1
  [1m[35m (0.1ms)[0m  [1m[36mbegin transaction[0m
  ↳ db/seeds.rb:1
  [1m[36mScore Destroy (0.5ms)[0m  [1m[31mDELETE FROM "scores" WHERE "scores"."id" = ?[0m  [["id", 16]]
  ↳ db/seeds.rb:1
  [1m[35m (1.1ms)[0m  [1m[36mcommit transaction[0m
  ↳ db/seeds.rb:1
  [1m[35m (0.1ms)[0m  [1m[36mbegin transaction[0m
  ↳ db/seeds.rb:1
  [1m[36mScore Destroy (0.3ms)[0m  [1m[31mDELETE FROM "scores" WHERE "scores"."id" = ?[0m  [["id", 17]]
  ↳ db/seeds.rb:1
  [1m[35m (0.9ms)[0m  [1m[36mcommit transaction[0m
  ↳ db/seeds.rb:1
  [1m[35m (0.0ms)[0m  [1m[36mbegin transaction[0m
  ↳ db/seeds.rb:1
  [1m[36mScore Destroy (0.3ms)[0m  [1m[31mDELETE FROM "scores" WHERE "scores"."id" = ?[0m  [["id", 18]]
  ↳ db/seeds.rb:1
  [1m[35m (0.7ms)[0m  [1m[36mcommit transaction[0m
  ↳ db/seeds.rb:1
  [1m[35m (0.1ms)[0m  [1m[36mbegin transaction[0m
  ↳ db/seeds.rb:1
  [1m[36mScore Destroy (0.3ms)[0m  [1m[31mDELETE FROM "scores" WHERE "scores"."id" = ?[0m  [["id", 19]]
  ↳ db/seeds.rb:1
  [1m[35m (0.6ms)[0m  [1m[36mcommit transaction[0m
  ↳ db/seeds.rb:1
  [1m[35m (0.0ms)[0m  [1m[36mbegin transaction[0m
  ↳ db/seeds.rb:1
  [1m[36mScore Destroy (0.3ms)[0m  [1m[31mDELETE FROM "scores" WHERE "scores"."id" = ?[0m  [["id", 20]]
  ↳ db/seeds.rb:1
  [1m[35m (1.0ms)[0m  [1m[36mcommit transaction[0m
  ↳ db/seeds.rb:1
  [1m[35m (0.1ms)[0m  [1m[36mbegin transaction[0m
  ↳ db/seeds.rb:1
  [1m[36mScore Destroy (0.3ms)[0m  [1m[31mDELETE FROM "scores" WHERE "scores"."id" = ?[0m  [["id", 21]]
  ↳ db/seeds.rb:1
  [1m[35m (0.9ms)[0m  [1m[36mcommit transaction[0m
  ↳ db/seeds.rb:1
  [1m[35m (0.1ms)[0m  [1m[36mbegin transaction[0m
  ↳ db/seeds.rb:1
  [1m[36mScore Destroy (0.4ms)[0m  [1m[31mDELETE FROM "scores" WHERE "scores"."id" = ?[0m  [["id", 22]]
  ↳ db/seeds.rb:1
  [1m[35m (1.0ms)[0m  [1m[36mcommit transaction[0m
  ↳ db/seeds.rb:1
  [1m[35m (0.0ms)[0m  [1m[36mbegin transaction[0m
  ↳ db/seeds.rb:1
  [1m[36mScore Destroy (0.3ms)[0m  [1m[31mDELETE FROM "scores" WHERE "scores"."id" = ?[0m  [["id", 23]]
  ↳ db/seeds.rb:1
  [1m[35m (0.6ms)[0m  [1m[36mcommit transaction[0m
  ↳ db/seeds.rb:1
  [1m[35m (0.0ms)[0m  [1m[36mbegin transaction[0m
  ↳ db/seeds.rb:1
  [1m[36mScore Destroy (0.3ms)[0m  [1m[31mDELETE FROM "scores" WHERE "scores"."id" = ?[0m  [["id", 24]]
  ↳ db/seeds.rb:1
  [1m[35m (0.5ms)[0m  [1m[36mcommit transaction[0m
  ↳ db/seeds.rb:1
  [1m[35m (0.1ms)[0m  [1m[36mbegin transaction[0m
  ↳ db/seeds.rb:1
  [1m[36mScore Destroy (0.3ms)[0m  [1m[31mDELETE FROM "scores" WHERE "scores"."id" = ?[0m  [["id", 25]]
  ↳ db/seeds.rb:1
  [1m[35m (0.5ms)[0m  [1m[36mcommit transaction[0m
  ↳ db/seeds.rb:1
  [1m[35m (0.0ms)[0m  [1m[36mbegin transaction[0m
  ↳ db/seeds.rb:1
  [1m[36mScore Destroy (0.3ms)[0m  [1m[31mDELETE FROM "scores" WHERE "scores"."id" = ?[0m  [["id", 26]]
  ↳ db/seeds.rb:1
  [1m[35m (0.6ms)[0m  [1m[36mcommit transaction[0m
  ↳ db/seeds.rb:1
  [1m[35m (0.0ms)[0m  [1m[36mbegin transaction[0m
  ↳ db/seeds.rb:1
  [1m[36mScore Destroy (0.3ms)[0m  [1m[31mDELETE FROM "scores" WHERE "scores"."id" = ?[0m  [["id", 27]]
  ↳ db/seeds.rb:1
  [1m[35m (0.7ms)[0m  [1m[36mcommit transaction[0m
  ↳ db/seeds.rb:1
  [1m[36mGame Load (0.3ms)[0m  [1m[34mSELECT "games".* FROM "games"[0m
  ↳ db/seeds.rb:2
  [1m[35m (0.1ms)[0m  [1m[36mbegin transaction[0m
  ↳ db/seeds.rb:2
  [1m[36mGame Destroy (0.4ms)[0m  [1m[31mDELETE FROM "games" WHERE "games"."id" = ?[0m  [["id", 5]]
  ↳ db/seeds.rb:2
  [1m[35m (1.4ms)[0m  [1m[36mcommit transaction[0m
  ↳ db/seeds.rb:2
  [1m[35m (0.1ms)[0m  [1m[36mbegin transaction[0m
  ↳ db/seeds.rb:2
  [1m[36mGame Destroy (0.6ms)[0m  [1m[31mDELETE FROM "games" WHERE "games"."id" = ?[0m  [["id", 6]]
  ↳ db/seeds.rb:2
  [1m[35m (0.9ms)[0m  [1m[36mcommit transaction[0m
  ↳ db/seeds.rb:2
  [1m[35m (0.1ms)[0m  [1m[36mbegin transaction[0m
  ↳ db/seeds.rb:2
  [1m[36mGame Destroy (0.4ms)[0m  [1m[31mDELETE FROM "games" WHERE "games"."id" = ?[0m  [["id", 7]]
  ↳ db/seeds.rb:2
  [1m[35m (1.3ms)[0m  [1m[36mcommit transaction[0m
  ↳ db/seeds.rb:2
Started GET "/scores" for ::1 at 2019-06-17 10:49:04 -0700
  [1m[35m (0.2ms)[0m  [1m[34mSELECT "schema_migrations"."version" FROM "schema_migrations" ORDER BY "schema_migrations"."version" ASC[0m
  ↳ /Users/seanwatters/.rvm/gems/ruby-2.6.1/gems/activerecord-5.2.3/lib/active_record/log_subscriber.rb:98
Processing by ScoresController#index as HTML
  [1m[36mScore Load (0.1ms)[0m  [1m[34mSELECT "scores".* FROM "scores"[0m
  ↳ app/controllers/scores_controller.rb:5
Completed 200 OK in 3ms (Views: 0.9ms | ActiveRecord: 0.4ms)


  [1m[35m (0.1ms)[0m  [1m[34mSELECT "schema_migrations"."version" FROM "schema_migrations" ORDER BY "schema_migrations"."version" ASC[0m
  ↳ /Users/seanwatters/.rvm/rubies/ruby-2.6.1/lib/ruby/gems/2.6.0/gems/rake-12.3.2/lib/rake/task.rb:273
  [1m[35m (0.1ms)[0m  [1m[36mbegin transaction[0m
  ↳ db/seeds.rb:6
  [1m[36mGame Create (0.4ms)[0m  [1m[32mINSERT INTO "games" ("name", "created_at", "updated_at") VALUES (?, ?, ?)[0m  [["name", "Block Dodger"], ["created_at", "2019-06-17 17:49:29.159760"], ["updated_at", "2019-06-17 17:49:29.159760"]]
  ↳ db/seeds.rb:6
  [1m[35m (0.9ms)[0m  [1m[36mcommit transaction[0m
  ↳ db/seeds.rb:6
  [1m[35m (0.0ms)[0m  [1m[36mbegin transaction[0m
  ↳ db/seeds.rb:7
  [1m[36mGame Create (0.4ms)[0m  [1m[32mINSERT INTO "games" ("name", "created_at", "updated_at") VALUES (?, ?, ?)[0m  [["name", "Pong"], ["created_at", "2019-06-17 17:49:29.163021"], ["updated_at", "2019-06-17 17:49:29.163021"]]
  ↳ db/seeds.rb:7
  [1m[35m (0.9ms)[0m  [1m[36mcommit transaction[0m
  ↳ db/seeds.rb:7
  [1m[35m (0.0ms)[0m  [1m[36mbegin transaction[0m
  ↳ db/seeds.rb:8
  [1m[36mGame Create (0.3ms)[0m  [1m[32mINSERT INTO "games" ("name", "created_at", "updated_at") VALUES (?, ?, ?)[0m  [["name", "Brick"], ["created_at", "2019-06-17 17:49:29.165706"], ["updated_at", "2019-06-17 17:49:29.165706"]]
  ↳ db/seeds.rb:8
  [1m[35m (1.0ms)[0m  [1m[36mcommit transaction[0m
  ↳ db/seeds.rb:8
  [1m[35m (0.1ms)[0m  [1m[36mbegin transaction[0m
  ↳ db/seeds.rb:11
  [1m[36mScore Create (0.4ms)[0m  [1m[32mINSERT INTO "scores" ("player", "score", "game_id", "created_at", "updated_at") VALUES (?, ?, ?, ?, ?)[0m  [["player", "player1"], ["score", 25], ["game_id", 8], ["created_at", "2019-06-17 17:49:29.192486"], ["updated_at", "2019-06-17 17:49:29.192486"]]
  ↳ db/seeds.rb:11
  [1m[35m (1.1ms)[0m  [1m[36mcommit transaction[0m
  ↳ db/seeds.rb:11
  [1m[35m (0.0ms)[0m  [1m[36mbegin transaction[0m
  ↳ db/seeds.rb:12
  [1m[36mScore Create (0.4ms)[0m  [1m[32mINSERT INTO "scores" ("player", "score", "game_id", "created_at", "updated_at") VALUES (?, ?, ?, ?, ?)[0m  [["player", "player2"], ["score", 27], ["game_id", 8], ["created_at", "2019-06-17 17:49:29.195909"], ["updated_at", "2019-06-17 17:49:29.195909"]]
  ↳ db/seeds.rb:12
  [1m[35m (0.8ms)[0m  [1m[36mcommit transaction[0m
  ↳ db/seeds.rb:12
  [1m[35m (0.0ms)[0m  [1m[36mbegin transaction[0m
  ↳ db/seeds.rb:13
  [1m[36mScore Create (0.4ms)[0m  [1m[32mINSERT INTO "scores" ("player", "score", "game_id", "created_at", "updated_at") VALUES (?, ?, ?, ?, ?)[0m  [["player", "player3"], ["score", 23], ["game_id", 8], ["created_at", "2019-06-17 17:49:29.198794"], ["updated_at", "2019-06-17 17:49:29.198794"]]
  ↳ db/seeds.rb:13
  [1m[35m (0.9ms)[0m  [1m[36mcommit transaction[0m
  ↳ db/seeds.rb:13
  [1m[35m (0.1ms)[0m  [1m[36mbegin transaction[0m
  ↳ db/seeds.rb:14
  [1m[36mScore Create (0.4ms)[0m  [1m[32mINSERT INTO "scores" ("player", "score", "game_id", "created_at", "updated_at") VALUES (?, ?, ?, ?, ?)[0m  [["player", "player4"], ["score", 24], ["game_id", 8], ["created_at", "2019-06-17 17:49:29.201897"], ["updated_at", "2019-06-17 17:49:29.201897"]]
  ↳ db/seeds.rb:14
  [1m[35m (1.0ms)[0m  [1m[36mcommit transaction[0m
  ↳ db/seeds.rb:14
  [1m[35m (0.0ms)[0m  [1m[36mbegin transaction[0m
  ↳ db/seeds.rb:16
  [1m[36mScore Create (0.4ms)[0m  [1m[32mINSERT INTO "scores" ("player", "score", "game_id", "created_at", "updated_at") VALUES (?, ?, ?, ?, ?)[0m  [["player", "player1"], ["score", 25], ["game_id", 9], ["created_at", "2019-06-17 17:49:29.204758"], ["updated_at", "2019-06-17 17:49:29.204758"]]
  ↳ db/seeds.rb:16
  [1m[35m (1.0ms)[0m  [1m[36mcommit transaction[0m
  ↳ db/seeds.rb:16
  [1m[35m (0.1ms)[0m  [1m[36mbegin transaction[0m
  ↳ db/seeds.rb:17
  [1m[36mScore Create (0.6ms)[0m  [1m[32mINSERT INTO "scores" ("player", "score", "game_id", "created_at", "updated_at") VALUES (?, ?, ?, ?, ?)[0m  [["player", "player2"], ["score", 27], ["game_id", 9], ["created_at", "2019-06-17 17:49:29.208204"], ["updated_at", "2019-06-17 17:49:29.208204"]]
  ↳ db/seeds.rb:17
  [1m[35m (1.0ms)[0m  [1m[36mcommit transaction[0m
  ↳ db/seeds.rb:17
  [1m[35m (0.1ms)[0m  [1m[36mbegin transaction[0m
  ↳ db/seeds.rb:18
  [1m[36mScore Create (0.6ms)[0m  [1m[32mINSERT INTO "scores" ("player", "score", "game_id", "created_at", "updated_at") VALUES (?, ?, ?, ?, ?)[0m  [["player", "player3"], ["score", 23], ["game_id", 9], ["created_at", "2019-06-17 17:49:29.211904"], ["updated_at", "2019-06-17 17:49:29.211904"]]
  ↳ db/seeds.rb:18
  [1m[35m (1.2ms)[0m  [1m[36mcommit transaction[0m
  ↳ db/seeds.rb:18
  [1m[35m (0.1ms)[0m  [1m[36mbegin transaction[0m
  ↳ db/seeds.rb:19
  [1m[36mScore Create (0.5ms)[0m  [1m[32mINSERT INTO "scores" ("player", "score", "game_id", "created_at", "updated_at") VALUES (?, ?, ?, ?, ?)[0m  [["player", "player4"], ["score", 24], ["game_id", 9], ["created_at", "2019-06-17 17:49:29.216411"], ["updated_at", "2019-06-17 17:49:29.216411"]]
  ↳ db/seeds.rb:19
  [1m[35m (1.4ms)[0m  [1m[36mcommit transaction[0m
  ↳ db/seeds.rb:19
  [1m[35m (0.1ms)[0m  [1m[36mbegin transaction[0m
  ↳ db/seeds.rb:21
  [1m[36mScore Create (0.4ms)[0m  [1m[32mINSERT INTO "scores" ("player", "score", "game_id", "created_at", "updated_at") VALUES (?, ?, ?, ?, ?)[0m  [["player", "player1"], ["score", 25], ["game_id", 10], ["created_at", "2019-06-17 17:49:29.220537"], ["updated_at", "2019-06-17 17:49:29.220537"]]
  ↳ db/seeds.rb:21
  [1m[35m (0.9ms)[0m  [1m[36mcommit transaction[0m
  ↳ db/seeds.rb:21
  [1m[35m (0.0ms)[0m  [1m[36mbegin transaction[0m
  ↳ db/seeds.rb:22
  [1m[36mScore Create (0.4ms)[0m  [1m[32mINSERT INTO "scores" ("player", "score", "game_id", "created_at", "updated_at") VALUES (?, ?, ?, ?, ?)[0m  [["player", "player2"], ["score", 27], ["game_id", 10], ["created_at", "2019-06-17 17:49:29.223908"], ["updated_at", "2019-06-17 17:49:29.223908"]]
  ↳ db/seeds.rb:22
  [1m[35m (1.3ms)[0m  [1m[36mcommit transaction[0m
  ↳ db/seeds.rb:22
  [1m[35m (0.0ms)[0m  [1m[36mbegin transaction[0m
  ↳ db/seeds.rb:23
  [1m[36mScore Create (0.4ms)[0m  [1m[32mINSERT INTO "scores" ("player", "score", "game_id", "created_at", "updated_at") VALUES (?, ?, ?, ?, ?)[0m  [["player", "player3"], ["score", 23], ["game_id", 10], ["created_at", "2019-06-17 17:49:29.227323"], ["updated_at", "2019-06-17 17:49:29.227323"]]
  ↳ db/seeds.rb:23
  [1m[35m (0.9ms)[0m  [1m[36mcommit transaction[0m
  ↳ db/seeds.rb:23
  [1m[35m (0.0ms)[0m  [1m[36mbegin transaction[0m
  ↳ db/seeds.rb:24
  [1m[36mScore Create (0.4ms)[0m  [1m[32mINSERT INTO "scores" ("player", "score", "game_id", "created_at", "updated_at") VALUES (?, ?, ?, ?, ?)[0m  [["player", "player4"], ["score", 24], ["game_id", 10], ["created_at", "2019-06-17 17:49:29.230450"], ["updated_at", "2019-06-17 17:49:29.230450"]]
  ↳ db/seeds.rb:24
  [1m[35m (1.0ms)[0m  [1m[36mcommit transaction[0m
  ↳ db/seeds.rb:24
Started GET "/scores" for ::1 at 2019-06-17 10:49:32 -0700
  [1m[35m (0.1ms)[0m  [1m[34mSELECT "schema_migrations"."version" FROM "schema_migrations" ORDER BY "schema_migrations"."version" ASC[0m
  ↳ /Users/seanwatters/.rvm/gems/ruby-2.6.1/gems/activerecord-5.2.3/lib/active_record/log_subscriber.rb:98
Processing by ScoresController#index as HTML
  [1m[36mScore Load (0.2ms)[0m  [1m[34mSELECT "scores".* FROM "scores"[0m
  ↳ app/controllers/scores_controller.rb:5
Completed 200 OK in 9ms (Views: 6.4ms | ActiveRecord: 0.6ms)


Started GET "/games" for ::1 at 2019-06-17 10:49:39 -0700
Processing by GamesController#index as HTML
  [1m[36mGame Load (0.3ms)[0m  [1m[34mSELECT "games".* FROM "games"[0m
  ↳ app/controllers/games_controller.rb:5
Completed 200 OK in 12ms (Views: 7.0ms | ActiveRecord: 0.7ms)


  [1m[35m (0.1ms)[0m  [1m[34mSELECT sqlite_version(*)[0m
  ↳ /Users/seanwatters/.rvm/rubies/ruby-2.6.1/lib/ruby/gems/2.6.0/gems/rake-12.3.2/lib/rake/task.rb:273
  [1m[35m (2.7ms)[0m  [1m[35mCREATE TABLE "schema_migrations" ("version" varchar NOT NULL PRIMARY KEY)[0m
  ↳ /Users/seanwatters/.rvm/rubies/ruby-2.6.1/lib/ruby/gems/2.6.0/gems/rake-12.3.2/lib/rake/task.rb:273
  [1m[35m (1.2ms)[0m  [1m[35mCREATE TABLE "ar_internal_metadata" ("key" varchar NOT NULL PRIMARY KEY, "value" varchar, "created_at" datetime NOT NULL, "updated_at" datetime NOT NULL)[0m
  ↳ /Users/seanwatters/.rvm/rubies/ruby-2.6.1/lib/ruby/gems/2.6.0/gems/rake-12.3.2/lib/rake/task.rb:273
  [1m[35m (0.2ms)[0m  [1m[34mSELECT "schema_migrations"."version" FROM "schema_migrations" ORDER BY "schema_migrations"."version" ASC[0m
  ↳ /Users/seanwatters/.rvm/rubies/ruby-2.6.1/lib/ruby/gems/2.6.0/gems/rake-12.3.2/lib/rake/task.rb:273
Migrating to CreateGames (20190617165807)
  [1m[35m (0.1ms)[0m  [1m[36mbegin transaction[0m
  ↳ /Users/seanwatters/.rvm/rubies/ruby-2.6.1/lib/ruby/gems/2.6.0/gems/rake-12.3.2/lib/rake/task.rb:273
  [1m[35m (0.4ms)[0m  [1m[35mCREATE TABLE "games" ("id" integer PRIMARY KEY AUTOINCREMENT NOT NULL, "name" varchar, "created_at" datetime NOT NULL, "updated_at" datetime NOT NULL)[0m
  ↳ db/migrate/20190617165807_create_games.rb:3
  [1m[36mActiveRecord::SchemaMigration Create (0.2ms)[0m  [1m[32mINSERT INTO "schema_migrations" ("version") VALUES (?)[0m  [["version", "20190617165807"]]
  ↳ /Users/seanwatters/.rvm/rubies/ruby-2.6.1/lib/ruby/gems/2.6.0/gems/rake-12.3.2/lib/rake/task.rb:273
  [1m[35m (1.1ms)[0m  [1m[36mcommit transaction[0m
  ↳ /Users/seanwatters/.rvm/rubies/ruby-2.6.1/lib/ruby/gems/2.6.0/gems/rake-12.3.2/lib/rake/task.rb:273
Migrating to CreateScores (20190617303332)
  [1m[35m (0.1ms)[0m  [1m[36mbegin transaction[0m
  ↳ /Users/seanwatters/.rvm/rubies/ruby-2.6.1/lib/ruby/gems/2.6.0/gems/rake-12.3.2/lib/rake/task.rb:273
  [1m[35m (0.6ms)[0m  [1m[35mCREATE TABLE "scores" ("id" integer PRIMARY KEY AUTOINCREMENT NOT NULL, "player" varchar, "score" integer, "game_id" integer, "created_at" datetime NOT NULL, "updated_at" datetime NOT NULL, CONSTRAINT "fk_rails_41612d9bae"
FOREIGN KEY ("game_id")
  REFERENCES "games" ("id")
)[0m
  ↳ db/migrate/20190617303332_create_scores.rb:3
  [1m[35m (0.1ms)[0m  [1m[35mCREATE  INDEX "index_scores_on_game_id" ON "scores" ("game_id")[0m
  ↳ db/migrate/20190617303332_create_scores.rb:3
  [1m[36mActiveRecord::SchemaMigration Create (0.2ms)[0m  [1m[32mINSERT INTO "schema_migrations" ("version") VALUES (?)[0m  [["version", "20190617303332"]]
  ↳ /Users/seanwatters/.rvm/rubies/ruby-2.6.1/lib/ruby/gems/2.6.0/gems/rake-12.3.2/lib/rake/task.rb:273
  [1m[35m (1.1ms)[0m  [1m[36mcommit transaction[0m
  ↳ /Users/seanwatters/.rvm/rubies/ruby-2.6.1/lib/ruby/gems/2.6.0/gems/rake-12.3.2/lib/rake/task.rb:273
  [1m[36mActiveRecord::InternalMetadata Load (0.2ms)[0m  [1m[34mSELECT  "ar_internal_metadata".* FROM "ar_internal_metadata" WHERE "ar_internal_metadata"."key" = ? LIMIT ?[0m  [["key", "environment"], ["LIMIT", 1]]
  ↳ /Users/seanwatters/.rvm/rubies/ruby-2.6.1/lib/ruby/gems/2.6.0/gems/rake-12.3.2/lib/rake/task.rb:273
  [1m[35m (0.0ms)[0m  [1m[36mbegin transaction[0m
  ↳ /Users/seanwatters/.rvm/rubies/ruby-2.6.1/lib/ruby/gems/2.6.0/gems/rake-12.3.2/lib/rake/task.rb:273
  [1m[36mActiveRecord::InternalMetadata Create (0.4ms)[0m  [1m[32mINSERT INTO "ar_internal_metadata" ("key", "value", "created_at", "updated_at") VALUES (?, ?, ?, ?)[0m  [["key", "environment"], ["value", "development"], ["created_at", "2019-06-17 17:50:34.442502"], ["updated_at", "2019-06-17 17:50:34.442502"]]
  ↳ /Users/seanwatters/.rvm/rubies/ruby-2.6.1/lib/ruby/gems/2.6.0/gems/rake-12.3.2/lib/rake/task.rb:273
  [1m[35m (0.9ms)[0m  [1m[36mcommit transaction[0m
  ↳ /Users/seanwatters/.rvm/rubies/ruby-2.6.1/lib/ruby/gems/2.6.0/gems/rake-12.3.2/lib/rake/task.rb:273
  [1m[35m (0.1ms)[0m  [1m[34mSELECT "schema_migrations"."version" FROM "schema_migrations" ORDER BY "schema_migrations"."version" ASC[0m
  ↳ /Users/seanwatters/.rvm/rubies/ruby-2.6.1/lib/ruby/gems/2.6.0/gems/rake-12.3.2/lib/rake/task.rb:273
  [1m[35m (0.1ms)[0m  [1m[34mSELECT "schema_migrations"."version" FROM "schema_migrations" ORDER BY "schema_migrations"."version" ASC[0m
  ↳ /Users/seanwatters/.rvm/rubies/ruby-2.6.1/lib/ruby/gems/2.6.0/gems/rake-12.3.2/lib/rake/task.rb:273
  [1m[35m (0.1ms)[0m  [1m[36mbegin transaction[0m
  ↳ db/seeds.rb:6
  [1m[36mGame Create (0.6ms)[0m  [1m[32mINSERT INTO "games" ("name", "created_at", "updated_at") VALUES (?, ?, ?)[0m  [["name", "Block Dodger"], ["created_at", "2019-06-17 17:50:42.788139"], ["updated_at", "2019-06-17 17:50:42.788139"]]
  ↳ db/seeds.rb:6
  [1m[35m (6.1ms)[0m  [1m[36mcommit transaction[0m
  ↳ db/seeds.rb:6
  [1m[35m (0.0ms)[0m  [1m[36mbegin transaction[0m
  ↳ db/seeds.rb:7
  [1m[36mGame Create (0.3ms)[0m  [1m[32mINSERT INTO "games" ("name", "created_at", "updated_at") VALUES (?, ?, ?)[0m  [["name", "Pong"], ["created_at", "2019-06-17 17:50:42.797049"], ["updated_at", "2019-06-17 17:50:42.797049"]]
  ↳ db/seeds.rb:7
  [1m[35m (0.8ms)[0m  [1m[36mcommit transaction[0m
  ↳ db/seeds.rb:7
  [1m[35m (0.1ms)[0m  [1m[36mbegin transaction[0m
  ↳ db/seeds.rb:8
  [1m[36mGame Create (0.5ms)[0m  [1m[32mINSERT INTO "games" ("name", "created_at", "updated_at") VALUES (?, ?, ?)[0m  [["name", "Brick"], ["created_at", "2019-06-17 17:50:42.800071"], ["updated_at", "2019-06-17 17:50:42.800071"]]
  ↳ db/seeds.rb:8
  [1m[35m (0.9ms)[0m  [1m[36mcommit transaction[0m
  ↳ db/seeds.rb:8
  [1m[35m (0.1ms)[0m  [1m[36mbegin transaction[0m
  ↳ db/seeds.rb:11
  [1m[36mScore Create (0.5ms)[0m  [1m[32mINSERT INTO "scores" ("player", "score", "game_id", "created_at", "updated_at") VALUES (?, ?, ?, ?, ?)[0m  [["player", "player1"], ["score", 25], ["game_id", 1], ["created_at", "2019-06-17 17:50:42.816279"], ["updated_at", "2019-06-17 17:50:42.816279"]]
  ↳ db/seeds.rb:11
  [1m[35m (1.6ms)[0m  [1m[36mcommit transaction[0m
  ↳ db/seeds.rb:11
  [1m[35m (0.1ms)[0m  [1m[36mbegin transaction[0m
  ↳ db/seeds.rb:12
  [1m[36mScore Create (0.4ms)[0m  [1m[32mINSERT INTO "scores" ("player", "score", "game_id", "created_at", "updated_at") VALUES (?, ?, ?, ?, ?)[0m  [["player", "player2"], ["score", 27], ["game_id", 1], ["created_at", "2019-06-17 17:50:42.842380"], ["updated_at", "2019-06-17 17:50:42.842380"]]
  ↳ db/seeds.rb:12
  [1m[35m (0.9ms)[0m  [1m[36mcommit transaction[0m
  ↳ db/seeds.rb:12
  [1m[35m (0.0ms)[0m  [1m[36mbegin transaction[0m
  ↳ db/seeds.rb:13
  [1m[36mScore Create (0.5ms)[0m  [1m[32mINSERT INTO "scores" ("player", "score", "game_id", "created_at", "updated_at") VALUES (?, ?, ?, ?, ?)[0m  [["player", "player3"], ["score", 23], ["game_id", 1], ["created_at", "2019-06-17 17:50:42.845323"], ["updated_at", "2019-06-17 17:50:42.845323"]]
  ↳ db/seeds.rb:13
  [1m[35m (0.8ms)[0m  [1m[36mcommit transaction[0m
  ↳ db/seeds.rb:13
  [1m[35m (0.0ms)[0m  [1m[36mbegin transaction[0m
  ↳ db/seeds.rb:14
  [1m[36mScore Create (0.5ms)[0m  [1m[32mINSERT INTO "scores" ("player", "score", "game_id", "created_at", "updated_at") VALUES (?, ?, ?, ?, ?)[0m  [["player", "player4"], ["score", 24], ["game_id", 1], ["created_at", "2019-06-17 17:50:42.848032"], ["updated_at", "2019-06-17 17:50:42.848032"]]
  ↳ db/seeds.rb:14
  [1m[35m (0.9ms)[0m  [1m[36mcommit transaction[0m
  ↳ db/seeds.rb:14
  [1m[35m (0.1ms)[0m  [1m[36mbegin transaction[0m
  ↳ db/seeds.rb:16
  [1m[36mScore Create (0.6ms)[0m  [1m[32mINSERT INTO "scores" ("player", "score", "game_id", "created_at", "updated_at") VALUES (?, ?, ?, ?, ?)[0m  [["player", "player1"], ["score", 25], ["game_id", 2], ["created_at", "2019-06-17 17:50:42.851572"], ["updated_at", "2019-06-17 17:50:42.851572"]]
  ↳ db/seeds.rb:16
  [1m[35m (1.3ms)[0m  [1m[36mcommit transaction[0m
  ↳ db/seeds.rb:16
  [1m[35m (0.1ms)[0m  [1m[36mbegin transaction[0m
  ↳ db/seeds.rb:17
  [1m[36mScore Create (0.5ms)[0m  [1m[32mINSERT INTO "scores" ("player", "score", "game_id", "created_at", "updated_at") VALUES (?, ?, ?, ?, ?)[0m  [["player", "player2"], ["score", 27], ["game_id", 2], ["created_at", "2019-06-17 17:50:42.856174"], ["updated_at", "2019-06-17 17:50:42.856174"]]
  ↳ db/seeds.rb:17
  [1m[35m (1.0ms)[0m  [1m[36mcommit transaction[0m
  ↳ db/seeds.rb:17
  [1m[35m (0.1ms)[0m  [1m[36mbegin transaction[0m
  ↳ db/seeds.rb:18
  [1m[36mScore Create (0.6ms)[0m  [1m[32mINSERT INTO "scores" ("player", "score", "game_id", "created_at", "updated_at") VALUES (?, ?, ?, ?, ?)[0m  [["player", "player3"], ["score", 23], ["game_id", 2], ["created_at", "2019-06-17 17:50:42.859913"], ["updated_at", "2019-06-17 17:50:42.859913"]]
  ↳ db/seeds.rb:18
  [1m[35m (1.2ms)[0m  [1m[36mcommit transaction[0m
  ↳ db/seeds.rb:18
  [1m[35m (0.1ms)[0m  [1m[36mbegin transaction[0m
  ↳ db/seeds.rb:19
  [1m[36mScore Create (0.4ms)[0m  [1m[32mINSERT INTO "scores" ("player", "score", "game_id", "created_at", "updated_at") VALUES (?, ?, ?, ?, ?)[0m  [["player", "player4"], ["score", 24], ["game_id", 2], ["created_at", "2019-06-17 17:50:42.863588"], ["updated_at", "2019-06-17 17:50:42.863588"]]
  ↳ db/seeds.rb:19
  [1m[35m (1.2ms)[0m  [1m[36mcommit transaction[0m
  ↳ db/seeds.rb:19
  [1m[35m (0.1ms)[0m  [1m[36mbegin transaction[0m
  ↳ db/seeds.rb:21
  [1m[36mScore Create (0.6ms)[0m  [1m[32mINSERT INTO "scores" ("player", "score", "game_id", "created_at", "updated_at") VALUES (?, ?, ?, ?, ?)[0m  [["player", "player1"], ["score", 25], ["game_id", 3], ["created_at", "2019-06-17 17:50:42.867817"], ["updated_at", "2019-06-17 17:50:42.867817"]]
  ↳ db/seeds.rb:21
  [1m[35m (1.2ms)[0m  [1m[36mcommit transaction[0m
  ↳ db/seeds.rb:21
  [1m[35m (0.1ms)[0m  [1m[36mbegin transaction[0m
  ↳ db/seeds.rb:22
  [1m[36mScore Create (0.4ms)[0m  [1m[32mINSERT INTO "scores" ("player", "score", "game_id", "created_at", "updated_at") VALUES (?, ?, ?, ?, ?)[0m  [["player", "player2"], ["score", 27], ["game_id", 3], ["created_at", "2019-06-17 17:50:42.872022"], ["updated_at", "2019-06-17 17:50:42.872022"]]
  ↳ db/seeds.rb:22
  [1m[35m (0.8ms)[0m  [1m[36mcommit transaction[0m
  ↳ db/seeds.rb:22
  [1m[35m (0.0ms)[0m  [1m[36mbegin transaction[0m
  ↳ db/seeds.rb:23
  [1m[36mScore Create (0.4ms)[0m  [1m[32mINSERT INTO "scores" ("player", "score", "game_id", "created_at", "updated_at") VALUES (?, ?, ?, ?, ?)[0m  [["player", "player3"], ["score", 23], ["game_id", 3], ["created_at", "2019-06-17 17:50:42.875193"], ["updated_at", "2019-06-17 17:50:42.875193"]]
  ↳ db/seeds.rb:23
  [1m[35m (0.8ms)[0m  [1m[36mcommit transaction[0m
  ↳ db/seeds.rb:23
  [1m[35m (0.0ms)[0m  [1m[36mbegin transaction[0m
  ↳ db/seeds.rb:24
  [1m[36mScore Create (0.3ms)[0m  [1m[32mINSERT INTO "scores" ("player", "score", "game_id", "created_at", "updated_at") VALUES (?, ?, ?, ?, ?)[0m  [["player", "player4"], ["score", 24], ["game_id", 3], ["created_at", "2019-06-17 17:50:42.878115"], ["updated_at", "2019-06-17 17:50:42.878115"]]
  ↳ db/seeds.rb:24
  [1m[35m (0.8ms)[0m  [1m[36mcommit transaction[0m
  ↳ db/seeds.rb:24
Started GET "/games" for ::1 at 2019-06-17 10:50:52 -0700
  [1m[35m (0.1ms)[0m  [1m[34mSELECT "schema_migrations"."version" FROM "schema_migrations" ORDER BY "schema_migrations"."version" ASC[0m
  ↳ /Users/seanwatters/.rvm/gems/ruby-2.6.1/gems/activerecord-5.2.3/lib/active_record/log_subscriber.rb:98
Processing by GamesController#index as HTML
  [1m[36mGame Load (0.1ms)[0m  [1m[34mSELECT "games".* FROM "games"[0m
  ↳ app/controllers/games_controller.rb:5
Completed 200 OK in 7ms (Views: 4.3ms | ActiveRecord: 0.5ms)


Started GET "/scores" for ::1 at 2019-06-17 10:51:37 -0700
Processing by ScoresController#index as HTML
  [1m[36mScore Load (0.2ms)[0m  [1m[34mSELECT "scores".* FROM "scores"[0m
  ↳ app/controllers/scores_controller.rb:5
Completed 200 OK in 12ms (Views: 8.5ms | ActiveRecord: 0.8ms)


Started GET "/games" for ::1 at 2019-06-17 10:52:10 -0700
Processing by GamesController#index as HTML
  [1m[36mGame Load (0.1ms)[0m  [1m[34mSELECT "games".* FROM "games"[0m
  ↳ app/controllers/games_controller.rb:5
Completed 200 OK in 2ms (Views: 1.5ms | ActiveRecord: 0.1ms)


